This is pdfTeX, Version 3.141592653-2.6-1.40.26 (TeX Live 2024) (preloaded format=pdflatex 2025.2.26)  19 MAR 2025 18:54
entering extended mode
 restricted \write18 enabled.
 file:line:error style messages enabled.
 %&-line parsing enabled.
**/Users/toka/Documents/MA/BrailleGlovePaper/main.tex
(/Users/toka/Documents/MA/BrailleGlovePaper/main.tex
LaTeX2e <2023-11-01> patch level 1
L3 programming layer <2024-02-20>
(./wissdoc.cls
Document Class: wissdoc 2012/05/10 Roland Bless - Wissenschaftliches Dokument
(/usr/local/texlive/2024/texmf-dist/tex/latex/base/book.cls
Document Class: book 2023/05/17 v1.4n Standard LaTeX document class
(/usr/local/texlive/2024/texmf-dist/tex/latex/base/bk12.clo
File: bk12.clo 2023/05/17 v1.4n Standard LaTeX file (size option)
)
\c@part=\count188
\c@chapter=\count189
\c@section=\count190
\c@subsection=\count191
\c@subsubsection=\count192
\c@paragraph=\count193
\c@subparagraph=\count194
\c@figure=\count195
\c@table=\count196
\abovecaptionskip=\skip48
\belowcaptionskip=\skip49
\bibindent=\dimen140
) (/usr/local/texlive/2024/texmf-dist/tex/latex/base/fontenc.sty
Package: fontenc 2021/04/29 v2.0v Standard LaTeX package
) (/usr/local/texlive/2024/texmf-dist/tex/latex/base/inputenc.sty
Package: inputenc 2021/02/14 v1.3d Input encoding file
\inpenc@prehook=\toks17
\inpenc@posthook=\toks18
) (/usr/local/texlive/2024/texmf-dist/tex/generic/babel/babel.sty
Package: babel 2024/02/07 v24.2 The Babel package
\babel@savecnt=\count197
\U@D=\dimen141
\l@unhyphenated=\language89
 (/usr/local/texlive/2024/texmf-dist/tex/generic/babel/txtbabel.def)
\bbl@readstream=\read2
\bbl@dirlevel=\count198
 (/usr/local/texlive/2024/texmf-dist/tex/generic/babel-english/english.ldf
Language: english 2017/06/06 v3.3r English support from the babel system
Package babel Info: Hyphen rules for 'canadian' set to \l@english
(babel)             (\language0). Reported on input line 102.
Package babel Info: Hyphen rules for 'australian' set to \l@ukenglish
(babel)             (\language23). Reported on input line 105.
Package babel Info: Hyphen rules for 'newzealand' set to \l@ukenglish
(babel)             (\language23). Reported on input line 108.
)) (/usr/local/texlive/2024/texmf-dist/tex/generic/babel/locale/en/babel-english.tex
Package babel Info: Importing font and identification data for english
(babel)             from babel-en.ini. Reported on input line 11.
) (/usr/local/texlive/2024/texmf-dist/tex/latex/graphics/graphicx.sty
Package: graphicx 2021/09/16 v1.2d Enhanced LaTeX Graphics (DPC,SPQR)
 (/usr/local/texlive/2024/texmf-dist/tex/latex/graphics/keyval.sty
Package: keyval 2022/05/29 v1.15 key=value parser (DPC)
\KV@toks@=\toks19
) (/usr/local/texlive/2024/texmf-dist/tex/latex/graphics/graphics.sty
Package: graphics 2022/03/10 v1.4e Standard LaTeX Graphics (DPC,SPQR)
 (/usr/local/texlive/2024/texmf-dist/tex/latex/graphics/trig.sty
Package: trig 2021/08/11 v1.11 sin cos tan (DPC)
) (/usr/local/texlive/2024/texmf-dist/tex/latex/graphics-cfg/graphics.cfg
File: graphics.cfg 2016/06/04 v1.11 sample graphics configuration
)
Package graphics Info: Driver file: pdftex.def on input line 107.
 (/usr/local/texlive/2024/texmf-dist/tex/latex/graphics-def/pdftex.def
File: pdftex.def 2022/09/22 v1.2b Graphics/color driver for pdftex
))
\Gin@req@height=\dimen142
\Gin@req@width=\dimen143
) (/usr/local/texlive/2024/texmf-dist/tex/latex/base/makeidx.sty
Package: makeidx 2021/10/04 v1.0m Standard LaTeX package
) (/usr/local/texlive/2024/texmf-dist/tex/latex/geometry/geometry.sty
Package: geometry 2020/01/02 v5.9 Page Geometry
 (/usr/local/texlive/2024/texmf-dist/tex/generic/iftex/ifvtex.sty
Package: ifvtex 2019/10/25 v1.7 ifvtex legacy package. Use iftex instead.
 (/usr/local/texlive/2024/texmf-dist/tex/generic/iftex/iftex.sty
Package: iftex 2022/02/03 v1.0f TeX engine tests
))
\Gm@cnth=\count199
\Gm@cntv=\count266
\c@Gm@tempcnt=\count267
\Gm@bindingoffset=\dimen144
\Gm@wd@mp=\dimen145
\Gm@odd@mp=\dimen146
\Gm@even@mp=\dimen147
\Gm@layoutwidth=\dimen148
\Gm@layoutheight=\dimen149
\Gm@layouthoffset=\dimen150
\Gm@layoutvoffset=\dimen151
\Gm@dimlist=\toks20
) (/usr/local/texlive/2024/texmf-dist/tex/latex/fancyhdr/fancyhdr.sty
Package: fancyhdr 2022/11/09 v4.1 Extensive control of page headers and footers
\f@nch@headwidth=\skip50
\f@nch@O@elh=\skip51
\f@nch@O@erh=\skip52
\f@nch@O@olh=\skip53
\f@nch@O@orh=\skip54
\f@nch@O@elf=\skip55
\f@nch@O@erf=\skip56
\f@nch@O@olf=\skip57
\f@nch@O@orf=\skip58
) (/usr/local/texlive/2024/texmf-dist/tex/latex/tools/array.sty
Package: array 2023/10/16 v2.5g Tabular extension package (FMi)
\col@sep=\dimen152
\ar@mcellbox=\box51
\extrarowheight=\dimen153
\NC@list=\toks21
\extratabsurround=\skip59
\backup@length=\skip60
\ar@cellbox=\box52
) (/usr/local/texlive/2024/texmf-dist/tex/latex/xcolor/xcolor.sty
Package: xcolor 2023/11/15 v3.01 LaTeX color extensions (UK)
 (/usr/local/texlive/2024/texmf-dist/tex/latex/graphics-cfg/color.cfg
File: color.cfg 2016/01/02 v1.6 sample color configuration
)
Package xcolor Info: Driver file: pdftex.def on input line 274.
 (/usr/local/texlive/2024/texmf-dist/tex/latex/graphics/mathcolor.ltx)
Package xcolor Info: Model `cmy' substituted by `cmy0' on input line 1350.
Package xcolor Info: Model `hsb' substituted by `rgb' on input line 1354.
Package xcolor Info: Model `RGB' extended on input line 1366.
Package xcolor Info: Model `HTML' substituted by `rgb' on input line 1368.
Package xcolor Info: Model `Hsb' substituted by `hsb' on input line 1369.
Package xcolor Info: Model `tHsb' substituted by `hsb' on input line 1370.
Package xcolor Info: Model `HSB' substituted by `hsb' on input line 1371.
Package xcolor Info: Model `Gray' substituted by `gray' on input line 1372.
Package xcolor Info: Model `wave' substituted by `hsb' on input line 1373.
) (/usr/local/texlive/2024/texmf-dist/tex/latex/colortbl/colortbl.sty
Package: colortbl 2024/02/20 v1.0g Color table columns (DPC)
\everycr=\toks22
\minrowclearance=\skip61
\rownum=\count268
) (/usr/local/texlive/2024/texmf-dist/tex/latex/tools/longtable.sty
Package: longtable 2023-11-01 v4.19 Multi-page Table package (DPC)
\LTleft=\skip62
\LTright=\skip63
\LTpre=\skip64
\LTpost=\skip65
\LTchunksize=\count269
\LTcapwidth=\dimen154
\LT@head=\box53
\LT@firsthead=\box54
\LT@foot=\box55
\LT@lastfoot=\box56
\LT@gbox=\box57
\LT@cols=\count270
\LT@rows=\count271
\c@LT@tables=\count272
\c@LT@chunks=\count273
\LT@p@ftn=\toks23
) (/usr/local/texlive/2024/texmf-dist/tex/latex/url/url.sty
\Urlmuskip=\muskip16
Package: url 2013/09/16  ver 3.4  Verb mode for urls, etc.
) (/usr/local/texlive/2024/texmf-dist/tex/latex/ae/ae.sty
Package: ae 2001/02/12 1.3 Almost European Computer Modern
 (/usr/local/texlive/2024/texmf-dist/tex/latex/base/fontenc.sty
Package: fontenc 2021/04/29 v2.0v Standard LaTeX package
)) (/usr/local/texlive/2024/texmf-dist/tex/latex/hyperref/hyperref.sty
Package: hyperref 2024-01-20 v7.01h Hypertext links for LaTeX
 (/usr/local/texlive/2024/texmf-dist/tex/latex/kvsetkeys/kvsetkeys.sty
Package: kvsetkeys 2022-10-05 v1.19 Key value parser (HO)
) (/usr/local/texlive/2024/texmf-dist/tex/generic/kvdefinekeys/kvdefinekeys.sty
Package: kvdefinekeys 2019-12-19 v1.6 Define keys (HO)
) (/usr/local/texlive/2024/texmf-dist/tex/generic/pdfescape/pdfescape.sty
Package: pdfescape 2019/12/09 v1.15 Implements pdfTeX's escape features (HO)
 (/usr/local/texlive/2024/texmf-dist/tex/generic/ltxcmds/ltxcmds.sty
Package: ltxcmds 2023-12-04 v1.26 LaTeX kernel commands for general use (HO)
) (/usr/local/texlive/2024/texmf-dist/tex/generic/pdftexcmds/pdftexcmds.sty
Package: pdftexcmds 2020-06-27 v0.33 Utility functions of pdfTeX for LuaTeX (HO)
 (/usr/local/texlive/2024/texmf-dist/tex/generic/infwarerr/infwarerr.sty
Package: infwarerr 2019/12/03 v1.5 Providing info/warning/error messages (HO)
)
Package pdftexcmds Info: \pdf@primitive is available.
Package pdftexcmds Info: \pdf@ifprimitive is available.
Package pdftexcmds Info: \pdfdraftmode found.
)) (/usr/local/texlive/2024/texmf-dist/tex/latex/hycolor/hycolor.sty
Package: hycolor 2020-01-27 v1.10 Color options for hyperref/bookmark (HO)
) (/usr/local/texlive/2024/texmf-dist/tex/latex/auxhook/auxhook.sty
Package: auxhook 2019-12-17 v1.6 Hooks for auxiliary files (HO)
) (/usr/local/texlive/2024/texmf-dist/tex/latex/hyperref/nameref.sty
Package: nameref 2023-11-26 v2.56 Cross-referencing by name of section
 (/usr/local/texlive/2024/texmf-dist/tex/latex/refcount/refcount.sty
Package: refcount 2019/12/15 v3.6 Data extraction from label references (HO)
) (/usr/local/texlive/2024/texmf-dist/tex/generic/gettitlestring/gettitlestring.sty
Package: gettitlestring 2019/12/15 v1.6 Cleanup title references (HO)
 (/usr/local/texlive/2024/texmf-dist/tex/latex/kvoptions/kvoptions.sty
Package: kvoptions 2022-06-15 v3.15 Key value format for package options (HO)
))
\c@section@level=\count274
) (/usr/local/texlive/2024/texmf-dist/tex/latex/etoolbox/etoolbox.sty
Package: etoolbox 2020/10/05 v2.5k e-TeX tools for LaTeX (JAW)
\etb@tempcnta=\count275
)
\@linkdim=\dimen155
\Hy@linkcounter=\count276
\Hy@pagecounter=\count277
 (/usr/local/texlive/2024/texmf-dist/tex/latex/hyperref/pd1enc.def
File: pd1enc.def 2024-01-20 v7.01h Hyperref: PDFDocEncoding definition (HO)
Now handling font encoding PD1 ...
... no UTF-8 mapping file for font encoding PD1
) (/usr/local/texlive/2024/texmf-dist/tex/generic/intcalc/intcalc.sty
Package: intcalc 2019/12/15 v1.3 Expandable calculations with integers (HO)
)
\Hy@SavedSpaceFactor=\count278
 (/usr/local/texlive/2024/texmf-dist/tex/latex/hyperref/puenc.def
File: puenc.def 2024-01-20 v7.01h Hyperref: PDF Unicode definition (HO)
Now handling font encoding PU ...
... no UTF-8 mapping file for font encoding PU
)
Package hyperref Info: Option `raiselinks' set `true' on input line 4062.
Package hyperref Info: Option `bookmarks' set `true' on input line 4062.
Package hyperref Info: Option `bookmarksopen' set `true' on input line 4062.
Package hyperref Info: Option `bookmarksnumbered' set `true' on input line 4062.
Package hyperref Info: Option `hyperindex' set `true' on input line 4062.
Package hyperref Info: Option `plainpages' set `false' on input line 4062.
Package hyperref Info: Option `pdfpagelabels' set `true' on input line 4062.
Package hyperref Info: Hyper figures OFF on input line 4179.
Package hyperref Info: Link nesting OFF on input line 4184.
Package hyperref Info: Hyper index ON on input line 4187.
Package hyperref Info: Plain pages OFF on input line 4194.
Package hyperref Info: Backreferencing OFF on input line 4199.
Package hyperref Info: Implicit mode ON; LaTeX internals redefined.
Package hyperref Info: Bookmarks ON on input line 4446.
\c@Hy@tempcnt=\count279
LaTeX Info: Redefining \url on input line 4784.
\XeTeXLinkMargin=\dimen156
 (/usr/local/texlive/2024/texmf-dist/tex/generic/bitset/bitset.sty
Package: bitset 2019/12/09 v1.3 Handle bit-vector datatype (HO)
 (/usr/local/texlive/2024/texmf-dist/tex/generic/bigintcalc/bigintcalc.sty
Package: bigintcalc 2019/12/15 v1.5 Expandable calculations on big integers (HO)
))
\Fld@menulength=\count280
\Field@Width=\dimen157
\Fld@charsize=\dimen158
Package hyperref Info: Hyper figures OFF on input line 6063.
Package hyperref Info: Link nesting OFF on input line 6068.
Package hyperref Info: Hyper index ON on input line 6071.
Package hyperref Info: backreferencing OFF on input line 6078.
Package hyperref Info: Link coloring OFF on input line 6083.
Package hyperref Info: Link coloring with OCG OFF on input line 6088.
Package hyperref Info: PDF/A mode OFF on input line 6093.
 (/usr/local/texlive/2024/texmf-dist/tex/latex/base/atbegshi-ltx.sty
Package: atbegshi-ltx 2021/01/10 v1.0c Emulation of the original atbegshi
package with kernel methods
)
\Hy@abspage=\count281
\c@Item=\count282
\c@Hfootnote=\count283
)
Package hyperref Info: Driver (autodetected): hpdftex.
 (/usr/local/texlive/2024/texmf-dist/tex/latex/hyperref/hpdftex.def
File: hpdftex.def 2024-01-20 v7.01h Hyperref driver for pdfTeX
 (/usr/local/texlive/2024/texmf-dist/tex/latex/base/atveryend-ltx.sty
Package: atveryend-ltx 2020/08/19 v1.0a Emulation of the original atveryend package
with kernel methods
)
\Fld@listcount=\count284
\c@bookmark@seq@number=\count285
 (/usr/local/texlive/2024/texmf-dist/tex/latex/rerunfilecheck/rerunfilecheck.sty
Package: rerunfilecheck 2022-07-10 v1.10 Rerun checks for auxiliary files (HO)
 (/usr/local/texlive/2024/texmf-dist/tex/generic/uniquecounter/uniquecounter.sty
Package: uniquecounter 2019/12/15 v1.4 Provide unlimited unique counter (HO)
)
Package uniquecounter Info: New unique counter `rerunfilecheck' on input line 285.
)
\Hy@SectionHShift=\skip66
)
\chapnolen=\skip67
\chapparlen=\skip68
\chapno=\box58
\c@definition=\count286
\c@satz=\count287
) (./config/packages.tex (/usr/local/texlive/2024/texmf-dist/tex/latex/csquotes/csquotes.sty
Package: csquotes 2022-09-14 v5.2n context-sensitive quotations (JAW)
\csq@reset=\count288
\csq@gtype=\count289
\csq@glevel=\count290
\csq@qlevel=\count291
\csq@maxlvl=\count292
\csq@tshold=\count293
\csq@ltx@everypar=\toks24
 (/usr/local/texlive/2024/texmf-dist/tex/latex/csquotes/csquotes.def
File: csquotes.def 2022-09-14 v5.2n csquotes generic definitions (JAW)
)
Package csquotes Info: Trying to load configuration file 'csquotes.cfg'...
Package csquotes Info: ... configuration file loaded successfully.
 (/usr/local/texlive/2024/texmf-dist/tex/latex/csquotes/csquotes.cfg
File: csquotes.cfg 
)) (/usr/local/texlive/2024/texmf-dist/tex/latex/tools/tabularx.sty
Package: tabularx 2023/07/08 v2.11c `tabularx' package (DPC)
\TX@col@width=\dimen159
\TX@old@table=\dimen160
\TX@old@col=\dimen161
\TX@target=\dimen162
\TX@delta=\dimen163
\TX@cols=\count294
\TX@ftn=\toks25
) (/usr/local/texlive/2024/texmf-dist/tex/latex/booktabs/booktabs.sty
Package: booktabs 2020/01/12 v1.61803398 Publication quality tables
\heavyrulewidth=\dimen164
\lightrulewidth=\dimen165
\cmidrulewidth=\dimen166
\belowrulesep=\dimen167
\belowbottomsep=\dimen168
\aboverulesep=\dimen169
\abovetopsep=\dimen170
\cmidrulesep=\dimen171
\cmidrulekern=\dimen172
\defaultaddspace=\dimen173
\@cmidla=\count295
\@cmidlb=\count296
\@aboverulesep=\dimen174
\@belowrulesep=\dimen175
\@thisruleclass=\count297
\@lastruleclass=\count298
\@thisrulewidth=\dimen176
) (/usr/local/texlive/2024/texmf-dist/tex/latex/multirow/multirow.sty
Package: multirow 2021/03/15 v2.8 Span multiple rows of a table
\multirow@colwidth=\skip69
\multirow@cntb=\count299
\multirow@dima=\skip70
\bigstrutjot=\dimen177
) (/usr/local/texlive/2024/texmf-dist/tex/latex/siunitx/siunitx.sty
Package: siunitx 2024-02-15 v3.3.12 A comprehensive (SI) units package
\l__siunitx_number_uncert_offset_int=\count300
\l__siunitx_number_exponent_fixed_int=\count301
\l__siunitx_number_min_decimal_int=\count302
\l__siunitx_number_min_integer_int=\count303
\l__siunitx_number_round_precision_int=\count304
\l__siunitx_number_lower_threshold_int=\count305
\l__siunitx_number_upper_threshold_int=\count306
\l__siunitx_number_group_first_int=\count307
\l__siunitx_number_group_size_int=\count308
\l__siunitx_number_group_minimum_int=\count309
\l__siunitx_angle_tmp_dim=\dimen178
\l__siunitx_angle_marker_box=\box59
\l__siunitx_angle_unit_box=\box60
\l__siunitx_compound_count_int=\count310
 (/usr/local/texlive/2024/texmf-dist/tex/latex/translations/translations.sty
Package: translations 2022/02/05 v1.12 internationalization of LaTeX2e packages (CN)
) (/usr/local/texlive/2024/texmf-dist/tex/latex/amsmath/amstext.sty
Package: amstext 2021/08/26 v2.01 AMS text
 (/usr/local/texlive/2024/texmf-dist/tex/latex/amsmath/amsgen.sty
File: amsgen.sty 1999/11/30 v2.0 generic functions
\@emptytoks=\toks26
\ex@=\dimen179
))
\l__siunitx_table_tmp_box=\box61
\l__siunitx_table_tmp_dim=\dimen180
\l__siunitx_table_column_width_dim=\dimen181
\l__siunitx_table_integer_box=\box62
\l__siunitx_table_decimal_box=\box63
\l__siunitx_table_uncert_box=\box64
\l__siunitx_table_before_box=\box65
\l__siunitx_table_after_box=\box66
\l__siunitx_table_before_dim=\dimen182
\l__siunitx_table_carry_dim=\dimen183
\l__siunitx_unit_tmp_int=\count311
\l__siunitx_unit_position_int=\count312
\l__siunitx_unit_total_int=\count313
) (/usr/local/texlive/2024/texmf-dist/tex/latex/base/textcomp.sty
Package: textcomp 2020/02/02 v2.0n Standard LaTeX package
) (/usr/local/texlive/2024/texmf-dist/tex/latex/listings/listings.sty
\lst@mode=\count314
\lst@gtempboxa=\box67
\lst@token=\toks27
\lst@length=\count315
\lst@currlwidth=\dimen184
\lst@column=\count316
\lst@pos=\count317
\lst@lostspace=\dimen185
\lst@width=\dimen186
\lst@newlines=\count318
\lst@lineno=\count319
\lst@maxwidth=\dimen187
 (/usr/local/texlive/2024/texmf-dist/tex/latex/listings/lstpatch.sty
File: lstpatch.sty 2024/02/21 1.10 (Carsten Heinz)
) (/usr/local/texlive/2024/texmf-dist/tex/latex/listings/lstmisc.sty
File: lstmisc.sty 2024/02/21 1.10 (Carsten Heinz)
\c@lstnumber=\count320
\lst@skipnumbers=\count321
\lst@framebox=\box68
) (/usr/local/texlive/2024/texmf-dist/tex/latex/listings/listings.cfg
File: listings.cfg 2024/02/21 1.10 listings configuration
))
Package: listings 2024/02/21 1.10 (Carsten Heinz)
 (/usr/local/texlive/2024/texmf-dist/tex/latex/newfloat/newfloat.sty
Package: newfloat 2023/10/01 v1.2 Defining new floating environments (AR)
Package newfloat Info: Unsupported document class, or \@chapter 
(newfloat)             was already redefined by another package.
Package newfloat Info: \@chapter = macro:->\def \Hy@next {\Hy@MakeCurrentHrefAuto {\Hy@chapapp *}\Hy@raisedlink {\hyper@anchorstart {\@currentHref }\hyper@anchorend }}\ifnum \c@secnumdepth >\m@ne \@ifundefined {if@mainmatter}\iftrue {\csname if@mainmatter\endcsname }\let \Hy@next \relax \fi \fi \Hy@next \Hy@org@chapter .
Package newfloat Info: \Hy@org@chapter = macro:[#1]#2->\NR@gettitle {#1}\NR@chapter [{#1}]{#2}.
Package newfloat Info: \algocf@original@chapter = undefined.
) (/usr/local/texlive/2024/texmf-dist/tex/latex/caption/caption.sty
Package: caption 2023/08/05 v3.6o Customizing captions (AR)
 (/usr/local/texlive/2024/texmf-dist/tex/latex/caption/caption3.sty
Package: caption3 2023/07/31 v2.4d caption3 kernel (AR)
\caption@tempdima=\dimen188
\captionmargin=\dimen189
\caption@leftmargin=\dimen190
\caption@rightmargin=\dimen191
\caption@width=\dimen192
\caption@indent=\dimen193
\caption@parindent=\dimen194
\caption@hangindent=\dimen195
Package caption Info: Standard document class detected.
)
\c@caption@flags=\count322
\c@continuedfloat=\count323
Package caption Info: hyperref package is loaded.
Package caption Info: listings package is loaded.
Package caption Info: longtable package is loaded.
 (/usr/local/texlive/2024/texmf-dist/tex/latex/caption/ltcaption.sty
Package: ltcaption 2021/01/08 v1.4c longtable captions (AR)
)) (/usr/local/texlive/2024/texmf-dist/tex/latex/caption/subcaption.sty
Package: subcaption 2023/07/28 v1.6b Sub-captions (AR)
Package caption Info: New subtype `subfigure' on input line 238.
\c@subfigure=\count324
Package caption Info: New subtype `subtable' on input line 238.
\c@subtable=\count325
) (/usr/local/texlive/2024/texmf-dist/tex/latex/mdwtools/footnote.sty
Package: footnote 1997/01/28 1.13 Save footnotes around boxes
\fn@notes=\box69
\fn@width=\dimen196
) (/usr/local/texlive/2024/texmf-dist/tex/latex/graphics/rotating.sty
Package: rotating 2016/08/11 v2.16d rotated objects in LaTeX
 (/usr/local/texlive/2024/texmf-dist/tex/latex/base/ifthen.sty
Package: ifthen 2022/04/13 v1.1d Standard LaTeX ifthen package (DPC)
)
\c@r@tfl@t=\count326
\rotFPtop=\skip71
\rotFPbot=\skip72
\rot@float@box=\box70
\rot@mess@toks=\toks28
) (/usr/local/texlive/2024/texmf-dist/tex/latex/pgfplots/pgfplots.sty (/usr/local/texlive/2024/texmf-dist/tex/generic/pgfplots/pgfplots.revision.tex)
Package: pgfplots 2021/05/15 v1.18.1 Data Visualization (1.18.1)
 (/usr/local/texlive/2024/texmf-dist/tex/latex/pgf/frontendlayer/tikz.sty (/usr/local/texlive/2024/texmf-dist/tex/latex/pgf/basiclayer/pgf.sty (/usr/local/texlive/2024/texmf-dist/tex/latex/pgf/utilities/pgfrcs.sty (/usr/local/texlive/2024/texmf-dist/tex/generic/pgf/utilities/pgfutil-common.tex
\pgfutil@everybye=\toks29
\pgfutil@tempdima=\dimen197
\pgfutil@tempdimb=\dimen198
) (/usr/local/texlive/2024/texmf-dist/tex/generic/pgf/utilities/pgfutil-latex.def
\pgfutil@abb=\box71
) (/usr/local/texlive/2024/texmf-dist/tex/generic/pgf/utilities/pgfrcs.code.tex (/usr/local/texlive/2024/texmf-dist/tex/generic/pgf/pgf.revision.tex)
Package: pgfrcs 2023-01-15 v3.1.10 (3.1.10)
))
Package: pgf 2023-01-15 v3.1.10 (3.1.10)
 (/usr/local/texlive/2024/texmf-dist/tex/latex/pgf/basiclayer/pgfcore.sty (/usr/local/texlive/2024/texmf-dist/tex/latex/pgf/systemlayer/pgfsys.sty (/usr/local/texlive/2024/texmf-dist/tex/generic/pgf/systemlayer/pgfsys.code.tex
Package: pgfsys 2023-01-15 v3.1.10 (3.1.10)
 (/usr/local/texlive/2024/texmf-dist/tex/generic/pgf/utilities/pgfkeys.code.tex
\pgfkeys@pathtoks=\toks30
\pgfkeys@temptoks=\toks31
 (/usr/local/texlive/2024/texmf-dist/tex/generic/pgf/utilities/pgfkeyslibraryfiltered.code.tex
\pgfkeys@tmptoks=\toks32
))
\pgf@x=\dimen199
\pgf@y=\dimen256
\pgf@xa=\dimen257
\pgf@ya=\dimen258
\pgf@xb=\dimen259
\pgf@yb=\dimen260
\pgf@xc=\dimen261
\pgf@yc=\dimen262
\pgf@xd=\dimen263
\pgf@yd=\dimen264
\w@pgf@writea=\write3
\r@pgf@reada=\read3
\c@pgf@counta=\count327
\c@pgf@countb=\count328
\c@pgf@countc=\count329
\c@pgf@countd=\count330
\t@pgf@toka=\toks33
\t@pgf@tokb=\toks34
\t@pgf@tokc=\toks35
\pgf@sys@id@count=\count331
 (/usr/local/texlive/2024/texmf-dist/tex/generic/pgf/systemlayer/pgf.cfg
File: pgf.cfg 2023-01-15 v3.1.10 (3.1.10)
)
Driver file for pgf: pgfsys-pdftex.def
 (/usr/local/texlive/2024/texmf-dist/tex/generic/pgf/systemlayer/pgfsys-pdftex.def
File: pgfsys-pdftex.def 2023-01-15 v3.1.10 (3.1.10)
 (/usr/local/texlive/2024/texmf-dist/tex/generic/pgf/systemlayer/pgfsys-common-pdf.def
File: pgfsys-common-pdf.def 2023-01-15 v3.1.10 (3.1.10)
))) (/usr/local/texlive/2024/texmf-dist/tex/generic/pgf/systemlayer/pgfsyssoftpath.code.tex
File: pgfsyssoftpath.code.tex 2023-01-15 v3.1.10 (3.1.10)
\pgfsyssoftpath@smallbuffer@items=\count332
\pgfsyssoftpath@bigbuffer@items=\count333
) (/usr/local/texlive/2024/texmf-dist/tex/generic/pgf/systemlayer/pgfsysprotocol.code.tex
File: pgfsysprotocol.code.tex 2023-01-15 v3.1.10 (3.1.10)
)) (/usr/local/texlive/2024/texmf-dist/tex/generic/pgf/basiclayer/pgfcore.code.tex
Package: pgfcore 2023-01-15 v3.1.10 (3.1.10)
 (/usr/local/texlive/2024/texmf-dist/tex/generic/pgf/math/pgfmath.code.tex (/usr/local/texlive/2024/texmf-dist/tex/generic/pgf/math/pgfmathutil.code.tex) (/usr/local/texlive/2024/texmf-dist/tex/generic/pgf/math/pgfmathparser.code.tex
\pgfmath@dimen=\dimen265
\pgfmath@count=\count334
\pgfmath@box=\box72
\pgfmath@toks=\toks36
\pgfmath@stack@operand=\toks37
\pgfmath@stack@operation=\toks38
) (/usr/local/texlive/2024/texmf-dist/tex/generic/pgf/math/pgfmathfunctions.code.tex) (/usr/local/texlive/2024/texmf-dist/tex/generic/pgf/math/pgfmathfunctions.basic.code.tex) (/usr/local/texlive/2024/texmf-dist/tex/generic/pgf/math/pgfmathfunctions.trigonometric.code.tex) (/usr/local/texlive/2024/texmf-dist/tex/generic/pgf/math/pgfmathfunctions.random.code.tex) (/usr/local/texlive/2024/texmf-dist/tex/generic/pgf/math/pgfmathfunctions.comparison.code.tex) (/usr/local/texlive/2024/texmf-dist/tex/generic/pgf/math/pgfmathfunctions.base.code.tex) (/usr/local/texlive/2024/texmf-dist/tex/generic/pgf/math/pgfmathfunctions.round.code.tex) (/usr/local/texlive/2024/texmf-dist/tex/generic/pgf/math/pgfmathfunctions.misc.code.tex) (/usr/local/texlive/2024/texmf-dist/tex/generic/pgf/math/pgfmathfunctions.integerarithmetics.code.tex) (/usr/local/texlive/2024/texmf-dist/tex/generic/pgf/math/pgfmathcalc.code.tex) (/usr/local/texlive/2024/texmf-dist/tex/generic/pgf/math/pgfmathfloat.code.tex
\c@pgfmathroundto@lastzeros=\count335
)) (/usr/local/texlive/2024/texmf-dist/tex/generic/pgf/math/pgfint.code.tex) (/usr/local/texlive/2024/texmf-dist/tex/generic/pgf/basiclayer/pgfcorepoints.code.tex
File: pgfcorepoints.code.tex 2023-01-15 v3.1.10 (3.1.10)
\pgf@picminx=\dimen266
\pgf@picmaxx=\dimen267
\pgf@picminy=\dimen268
\pgf@picmaxy=\dimen269
\pgf@pathminx=\dimen270
\pgf@pathmaxx=\dimen271
\pgf@pathminy=\dimen272
\pgf@pathmaxy=\dimen273
\pgf@xx=\dimen274
\pgf@xy=\dimen275
\pgf@yx=\dimen276
\pgf@yy=\dimen277
\pgf@zx=\dimen278
\pgf@zy=\dimen279
) (/usr/local/texlive/2024/texmf-dist/tex/generic/pgf/basiclayer/pgfcorepathconstruct.code.tex
File: pgfcorepathconstruct.code.tex 2023-01-15 v3.1.10 (3.1.10)
\pgf@path@lastx=\dimen280
\pgf@path@lasty=\dimen281
) (/usr/local/texlive/2024/texmf-dist/tex/generic/pgf/basiclayer/pgfcorepathusage.code.tex
File: pgfcorepathusage.code.tex 2023-01-15 v3.1.10 (3.1.10)
\pgf@shorten@end@additional=\dimen282
\pgf@shorten@start@additional=\dimen283
) (/usr/local/texlive/2024/texmf-dist/tex/generic/pgf/basiclayer/pgfcorescopes.code.tex
File: pgfcorescopes.code.tex 2023-01-15 v3.1.10 (3.1.10)
\pgfpic=\box73
\pgf@hbox=\box74
\pgf@layerbox@main=\box75
\pgf@picture@serial@count=\count336
) (/usr/local/texlive/2024/texmf-dist/tex/generic/pgf/basiclayer/pgfcoregraphicstate.code.tex
File: pgfcoregraphicstate.code.tex 2023-01-15 v3.1.10 (3.1.10)
\pgflinewidth=\dimen284
) (/usr/local/texlive/2024/texmf-dist/tex/generic/pgf/basiclayer/pgfcoretransformations.code.tex
File: pgfcoretransformations.code.tex 2023-01-15 v3.1.10 (3.1.10)
\pgf@pt@x=\dimen285
\pgf@pt@y=\dimen286
\pgf@pt@temp=\dimen287
) (/usr/local/texlive/2024/texmf-dist/tex/generic/pgf/basiclayer/pgfcorequick.code.tex
File: pgfcorequick.code.tex 2023-01-15 v3.1.10 (3.1.10)
) (/usr/local/texlive/2024/texmf-dist/tex/generic/pgf/basiclayer/pgfcoreobjects.code.tex
File: pgfcoreobjects.code.tex 2023-01-15 v3.1.10 (3.1.10)
) (/usr/local/texlive/2024/texmf-dist/tex/generic/pgf/basiclayer/pgfcorepathprocessing.code.tex
File: pgfcorepathprocessing.code.tex 2023-01-15 v3.1.10 (3.1.10)
) (/usr/local/texlive/2024/texmf-dist/tex/generic/pgf/basiclayer/pgfcorearrows.code.tex
File: pgfcorearrows.code.tex 2023-01-15 v3.1.10 (3.1.10)
\pgfarrowsep=\dimen288
) (/usr/local/texlive/2024/texmf-dist/tex/generic/pgf/basiclayer/pgfcoreshade.code.tex
File: pgfcoreshade.code.tex 2023-01-15 v3.1.10 (3.1.10)
\pgf@max=\dimen289
\pgf@sys@shading@range@num=\count337
\pgf@shadingcount=\count338
) (/usr/local/texlive/2024/texmf-dist/tex/generic/pgf/basiclayer/pgfcoreimage.code.tex
File: pgfcoreimage.code.tex 2023-01-15 v3.1.10 (3.1.10)
) (/usr/local/texlive/2024/texmf-dist/tex/generic/pgf/basiclayer/pgfcoreexternal.code.tex
File: pgfcoreexternal.code.tex 2023-01-15 v3.1.10 (3.1.10)
\pgfexternal@startupbox=\box76
) (/usr/local/texlive/2024/texmf-dist/tex/generic/pgf/basiclayer/pgfcorelayers.code.tex
File: pgfcorelayers.code.tex 2023-01-15 v3.1.10 (3.1.10)
) (/usr/local/texlive/2024/texmf-dist/tex/generic/pgf/basiclayer/pgfcoretransparency.code.tex
File: pgfcoretransparency.code.tex 2023-01-15 v3.1.10 (3.1.10)
) (/usr/local/texlive/2024/texmf-dist/tex/generic/pgf/basiclayer/pgfcorepatterns.code.tex
File: pgfcorepatterns.code.tex 2023-01-15 v3.1.10 (3.1.10)
) (/usr/local/texlive/2024/texmf-dist/tex/generic/pgf/basiclayer/pgfcorerdf.code.tex
File: pgfcorerdf.code.tex 2023-01-15 v3.1.10 (3.1.10)
))) (/usr/local/texlive/2024/texmf-dist/tex/generic/pgf/modules/pgfmoduleshapes.code.tex
File: pgfmoduleshapes.code.tex 2023-01-15 v3.1.10 (3.1.10)
\pgfnodeparttextbox=\box77
) (/usr/local/texlive/2024/texmf-dist/tex/generic/pgf/modules/pgfmoduleplot.code.tex
File: pgfmoduleplot.code.tex 2023-01-15 v3.1.10 (3.1.10)
) (/usr/local/texlive/2024/texmf-dist/tex/latex/pgf/compatibility/pgfcomp-version-0-65.sty
Package: pgfcomp-version-0-65 2023-01-15 v3.1.10 (3.1.10)
\pgf@nodesepstart=\dimen290
\pgf@nodesepend=\dimen291
) (/usr/local/texlive/2024/texmf-dist/tex/latex/pgf/compatibility/pgfcomp-version-1-18.sty
Package: pgfcomp-version-1-18 2023-01-15 v3.1.10 (3.1.10)
)) (/usr/local/texlive/2024/texmf-dist/tex/latex/pgf/utilities/pgffor.sty
(/usr/local/texlive/2024/texmf-dist/tex/latex/pgf/utilities/pgfkeys.sty (/usr/local/texlive/2024/texmf-dist/tex/generic/pgf/utilities/pgfkeys.code.tex)) (/usr/local/texlive/2024/texmf-dist/tex/latex/pgf/math/pgfmath.sty (/usr/local/texlive/2024/texmf-dist/tex/generic/pgf/math/pgfmath.code.tex)) (/usr/local/texlive/2024/texmf-dist/tex/generic/pgf/utilities/pgffor.code.tex
Package: pgffor 2023-01-15 v3.1.10 (3.1.10)
\pgffor@iter=\dimen292
\pgffor@skip=\dimen293
\pgffor@stack=\toks39
\pgffor@toks=\toks40
)) (/usr/local/texlive/2024/texmf-dist/tex/generic/pgf/frontendlayer/tikz/tikz.code.tex
Package: tikz 2023-01-15 v3.1.10 (3.1.10)
 (/usr/local/texlive/2024/texmf-dist/tex/generic/pgf/libraries/pgflibraryplothandlers.code.tex
File: pgflibraryplothandlers.code.tex 2023-01-15 v3.1.10 (3.1.10)
\pgf@plot@mark@count=\count339
\pgfplotmarksize=\dimen294
)
\tikz@lastx=\dimen295
\tikz@lasty=\dimen296
\tikz@lastxsaved=\dimen297
\tikz@lastysaved=\dimen298
\tikz@lastmovetox=\dimen299
\tikz@lastmovetoy=\dimen300
\tikzleveldistance=\dimen301
\tikzsiblingdistance=\dimen302
\tikz@figbox=\box78
\tikz@figbox@bg=\box79
\tikz@tempbox=\box80
\tikz@tempbox@bg=\box81
\tikztreelevel=\count340
\tikznumberofchildren=\count341
\tikznumberofcurrentchild=\count342
\tikz@fig@count=\count343
 (/usr/local/texlive/2024/texmf-dist/tex/generic/pgf/modules/pgfmodulematrix.code.tex
File: pgfmodulematrix.code.tex 2023-01-15 v3.1.10 (3.1.10)
\pgfmatrixcurrentrow=\count344
\pgfmatrixcurrentcolumn=\count345
\pgf@matrix@numberofcolumns=\count346
)
\tikz@expandcount=\count347
 (/usr/local/texlive/2024/texmf-dist/tex/generic/pgf/frontendlayer/tikz/libraries/tikzlibrarytopaths.code.tex
File: tikzlibrarytopaths.code.tex 2023-01-15 v3.1.10 (3.1.10)
))) (/usr/local/texlive/2024/texmf-dist/tex/generic/pgfplots/pgfplots.code.tex (/usr/local/texlive/2024/texmf-dist/tex/generic/pgfplots/pgfplotscore.code.tex
\t@pgfplots@toka=\toks41
\t@pgfplots@tokb=\toks42
\t@pgfplots@tokc=\toks43
\pgfplots@tmpa=\dimen303
\c@pgfplots@coordindex=\count348
\c@pgfplots@scanlineindex=\count349
 (/usr/local/texlive/2024/texmf-dist/tex/generic/pgfplots/sys/pgfplotssysgeneric.code.tex)) (/usr/local/texlive/2024/texmf-dist/tex/generic/pgfplots/libs/pgfplotslibrary.code.tex) (/usr/local/texlive/2024/texmf-dist/tex/generic/pgfplots/oldpgfcompatib/pgfplotsoldpgfsupp_loader.code.tex (/usr/local/texlive/2024/texmf-dist/tex/generic/pgf/libraries/pgflibraryfpu.code.tex)
Package pgfplots: loading complementary utilities for your pgf version...
\t@pgf@toka=\toks44
\t@pgf@tokb=\toks45
\t@pgf@tokc=\toks46
(/usr/local/texlive/2024/texmf-dist/tex/generic/pgfplots/oldpgfcompatib/pgfplotsoldpgfsupp_pgfutil-common-lists.tex)) (/usr/local/texlive/2024/texmf-dist/tex/generic/pgfplots/util/pgfplotsutil.code.tex (/usr/local/texlive/2024/texmf-dist/tex/generic/pgfplots/liststructure/pgfplotsliststructure.code.tex) (/usr/local/texlive/2024/texmf-dist/tex/generic/pgfplots/liststructure/pgfplotsliststructureext.code.tex) (/usr/local/texlive/2024/texmf-dist/tex/generic/pgfplots/liststructure/pgfplotsarray.code.tex
\c@pgfplotsarray@tmp=\count350
) (/usr/local/texlive/2024/texmf-dist/tex/generic/pgfplots/liststructure/pgfplotsmatrix.code.tex) (/usr/local/texlive/2024/texmf-dist/tex/generic/pgfplots/numtable/pgfplotstableshared.code.tex
\c@pgfplotstable@counta=\count351
\t@pgfplotstable@a=\toks47
) (/usr/local/texlive/2024/texmf-dist/tex/generic/pgfplots/liststructure/pgfplotsdeque.code.tex) (/usr/local/texlive/2024/texmf-dist/tex/generic/pgfplots/util/pgfplotsbinary.code.tex (/usr/local/texlive/2024/texmf-dist/tex/generic/pgfplots/util/pgfplotsbinary.data.code.tex)) (/usr/local/texlive/2024/texmf-dist/tex/generic/pgfplots/util/pgfplotsutil.verb.code.tex) (/usr/local/texlive/2024/texmf-dist/tex/generic/pgfplots/libs/pgflibrarypgfplots.surfshading.code.tex
\c@pgfplotslibrarysurf@no=\count352
 (/usr/local/texlive/2024/texmf-dist/tex/generic/pgfplots/sys/pgflibrarypgfplots.surfshading.pgfsys-pdftex.def))) (/usr/local/texlive/2024/texmf-dist/tex/generic/pgfplots/util/pgfplotscolormap.code.tex (/usr/local/texlive/2024/texmf-dist/tex/generic/pgfplots/util/pgfplotscolor.code.tex)) (/usr/local/texlive/2024/texmf-dist/tex/generic/pgfplots/pgfplotsstackedplots.code.tex) (/usr/local/texlive/2024/texmf-dist/tex/generic/pgfplots/pgfplotsplothandlers.code.tex (/usr/local/texlive/2024/texmf-dist/tex/generic/pgfplots/pgfplotsmeshplothandler.code.tex (/usr/local/texlive/2024/texmf-dist/tex/generic/pgfplots/pgfplotsmeshplotimage.code.tex))) (/usr/local/texlive/2024/texmf-dist/tex/generic/pgfplots/pgfplots.scaling.code.tex) (/usr/local/texlive/2024/texmf-dist/tex/generic/pgfplots/pgfplotscoordprocessing.code.tex) (/usr/local/texlive/2024/texmf-dist/tex/generic/pgfplots/pgfplots.errorbars.code.tex) (/usr/local/texlive/2024/texmf-dist/tex/generic/pgfplots/pgfplots.markers.code.tex) (/usr/local/texlive/2024/texmf-dist/tex/generic/pgfplots/pgfplotsticks.code.tex) (/usr/local/texlive/2024/texmf-dist/tex/generic/pgfplots/pgfplots.paths.code.tex) (/usr/local/texlive/2024/texmf-dist/tex/generic/pgf/frontendlayer/tikz/libraries/tikzlibrarydecorations.code.tex (/usr/local/texlive/2024/texmf-dist/tex/generic/pgf/modules/pgfmoduledecorations.code.tex
\pgfdecoratedcompleteddistance=\dimen304
\pgfdecoratedremainingdistance=\dimen305
\pgfdecoratedinputsegmentcompleteddistance=\dimen306
\pgfdecoratedinputsegmentremainingdistance=\dimen307
\pgf@decorate@distancetomove=\dimen308
\pgf@decorate@repeatstate=\count353
\pgfdecorationsegmentamplitude=\dimen309
\pgfdecorationsegmentlength=\dimen310
)
\tikz@lib@dec@box=\box82
) (/usr/local/texlive/2024/texmf-dist/tex/generic/pgf/frontendlayer/tikz/libraries/tikzlibrarydecorations.pathmorphing.code.tex (/usr/local/texlive/2024/texmf-dist/tex/generic/pgf/libraries/decorations/pgflibrarydecorations.pathmorphing.code.tex)) (/usr/local/texlive/2024/texmf-dist/tex/generic/pgf/frontendlayer/tikz/libraries/tikzlibrarydecorations.pathreplacing.code.tex (/usr/local/texlive/2024/texmf-dist/tex/generic/pgf/libraries/decorations/pgflibrarydecorations.pathreplacing.code.tex)) (/usr/local/texlive/2024/texmf-dist/tex/generic/pgfplots/libs/tikzlibrarypgfplots.contourlua.code.tex)
\pgfplots@numplots=\count354
\pgfplots@xmin@reg=\dimen311
\pgfplots@xmax@reg=\dimen312
\pgfplots@ymin@reg=\dimen313
\pgfplots@ymax@reg=\dimen314
\pgfplots@zmin@reg=\dimen315
\pgfplots@zmax@reg=\dimen316
) (/usr/local/texlive/2024/texmf-dist/tex/generic/pgf/frontendlayer/tikz/libraries/tikzlibraryplotmarks.code.tex
File: tikzlibraryplotmarks.code.tex 2023-01-15 v3.1.10 (3.1.10)
 (/usr/local/texlive/2024/texmf-dist/tex/generic/pgf/libraries/pgflibraryplotmarks.code.tex
File: pgflibraryplotmarks.code.tex 2023-01-15 v3.1.10 (3.1.10)
))) (/usr/local/texlive/2024/texmf-dist/tex/latex/pgfplots/pgfplotstable.sty (/usr/local/texlive/2024/texmf-dist/tex/generic/pgfplots/pgfplots.revision.tex)
Package: pgfplotstable 2021/05/15 v1.18.1 Table typesetting and Pretty-printing (1.18.1)
 (/usr/local/texlive/2024/texmf-dist/tex/generic/pgfplots/numtable/pgfplotstable.code.tex (/usr/local/texlive/2024/texmf-dist/tex/generic/pgfplots/numtable/pgfplotstable.coltype.code.tex))) (/usr/local/texlive/2024/texmf-dist/tex/latex/boxhandler/boxhandler.sty
Package: boxhandler 2012/10/18 v1.30 Tools for Optimizing Captions, Presentation, and Placement of Tables and Figures
 (/usr/local/texlive/2024/texmf-dist/tex/latex/pbox/pbox.sty
Package: pbox 2011/12/07 v1.2 Dynamic parboxes
 (/usr/local/texlive/2024/texmf-dist/tex/latex/tools/calc.sty
Package: calc 2023/07/08 v4.3 Infix arithmetic (KKT,FJ)
\calc@Acount=\count355
\calc@Bcount=\count356
\calc@Adimen=\dimen317
\calc@Bdimen=\dimen318
\calc@Askip=\skip73
\calc@Bskip=\skip74
LaTeX Info: Redefining \setlength on input line 80.
LaTeX Info: Redefining \addtolength on input line 81.
\calc@Ccount=\count357
\calc@Cskip=\skip75
)
\pb@xlen=\skip76
)
\c@TableIndex=\count358
\c@FigureIndex=\count359
\c@TableClearedIndex=\count360
\c@FigureClearedIndex=\count361
\oldabovecaptionskip=\skip77
\oldbelowcaptionskip=\skip78
\captionGap=\skip79
\TableDeadMargin=\skip80
\FigureDeadMargin=\skip81
\c@abovecaptionskipterm=\count362
\c@belowcaptionskipterm=\count363
\@minCaptionBoxWidth=\skip82
\@minCaptionBoxWidthDefault=\skip83
\@maxCaptionBoxWidth=\skip84
\@maxCaptionBoxWidthDefault=\skip85
\c@promptTablesFlag=\count364
\c@promptFiguresFlag=\count365
\DeadMargin=\skip86
\@DataBoxWidth=\skip87
\CaptionBoxWidth=\skip88
\@DataBoxOffset=\skip89
\@CaptionBoxOffset=\skip90
\@captionIDwidth=\skip91
\@captionWidth=\skip92
\@DataBoxSurplus=\skip93
\c@lofInvocations=\count366
\c@lofPrints=\count367
\c@lotInvocations=\count368
\c@lotPrints=\count369
\hyper@shift=\skip94
) (/usr/local/texlive/2024/texmf-dist/tex/latex/tabu/tabu.sty
Package: tabu 2019/01/11 v2.9 - flexible LaTeX tabulars (FC+tabu-fixed)
 (/usr/local/texlive/2024/texmf-dist/tex/latex/varwidth/varwidth.sty
Package: varwidth 2009/03/30 ver 0.92;  Variable-width minipages
\@vwid@box=\box83
\sift@deathcycles=\count370
\@vwid@loff=\dimen319
\@vwid@roff=\dimen320
)
\c@taburow=\count371
\tabu@nbcols=\count372
\tabu@cnt=\count373
\tabu@Xcol=\count374
\tabu@alloc=\count375
\tabu@nested=\count376
\tabu@target=\dimen321
\tabu@spreadtarget=\dimen322
\tabu@naturalX=\dimen323
\tabucolX=\dimen324
\tabu@Xsum=\dimen325
\extrarowdepth=\dimen326
\abovetabulinesep=\dimen327
\belowtabulinesep=\dimen328
\tabustrutrule=\dimen329
\tabu@thebody=\toks48
\tabu@footnotes=\toks49
\tabu@box=\box84
\tabu@arstrutbox=\box85
\tabu@hleads=\box86
\tabu@vleads=\box87
\tabu@cellskip=\skip95
) (/usr/local/texlive/2024/texmf-dist/tex/latex/amsfonts/amssymb.sty
Package: amssymb 2013/01/14 v3.01 AMS font symbols
 (/usr/local/texlive/2024/texmf-dist/tex/latex/amsfonts/amsfonts.sty
Package: amsfonts 2013/01/14 v3.01 Basic AMSFonts support
\symAMSa=\mathgroup4
\symAMSb=\mathgroup5
LaTeX Font Info:    Redeclaring math symbol \hbar on input line 98.
LaTeX Font Info:    Overwriting math alphabet `\mathfrak' in version `bold'
(Font)                  U/euf/m/n --> U/euf/b/n on input line 106.
)) (/usr/local/texlive/2024/texmf-dist/tex/latex/grffile/grffile.sty
Package: grffile 2019/11/11 v2.1 Extended file name support for graphics (legacy)
Package grffile Info: This package is an empty stub for compatibility on input line 40.
) (/usr/local/texlive/2024/texmf-dist/tex/latex/pdfpages/pdfpages.sty
Package: pdfpages 2024/01/21 v0.5y Insert pages of external PDF documents (AM)
 (/usr/local/texlive/2024/texmf-dist/tex/latex/eso-pic/eso-pic.sty
Package: eso-pic 2023/05/03 v3.0c eso-pic (RN)
\ESO@tempdima=\dimen330
\ESO@tempdimb=\dimen331
)
\AM@pagewidth=\dimen332
\AM@pageheight=\dimen333
\AM@fboxrule=\dimen334
 (/usr/local/texlive/2024/texmf-dist/tex/latex/pdfpages/pppdftex.def
File: pppdftex.def 2024/01/21 v0.5y Pdfpages driver for pdfTeX (AM)
)
\pdfpages@includegraphics@status=\count377
\AM@pagebox=\box88
\AM@global@opts=\toks50
\AM@pagecnt=\count378
\AM@toc@title=\toks51
\AM@lof@heading=\toks52
\c@AM@survey=\count379
\AM@templatesizebox=\box89
) (/usr/local/texlive/2024/texmf-dist/tex/latex/biblatex/biblatex.sty
Package: biblatex 2023/03/05 v3.19 programmable bibliographies (PK/MW)
 (/usr/local/texlive/2024/texmf-dist/tex/latex/logreq/logreq.sty
Package: logreq 2010/08/04 v1.0 xml request logger
\lrq@indent=\count380
 (/usr/local/texlive/2024/texmf-dist/tex/latex/logreq/logreq.def
File: logreq.def 2010/08/04 v1.0 logreq spec v1.0
))
\c@tabx@nest=\count381
\c@listtotal=\count382
\c@listcount=\count383
\c@liststart=\count384
\c@liststop=\count385
\c@citecount=\count386
\c@citetotal=\count387
\c@multicitecount=\count388
\c@multicitetotal=\count389
\c@instcount=\count390
\c@maxnames=\count391
\c@minnames=\count392
\c@maxitems=\count393
\c@minitems=\count394
\c@citecounter=\count395
\c@maxcitecounter=\count396
\c@savedcitecounter=\count397
\c@uniquelist=\count398
\c@uniquename=\count399
\c@refsection=\count400
\c@refsegment=\count401
\c@maxextratitle=\count402
\c@maxextratitleyear=\count403
\c@maxextraname=\count404
\c@maxextradate=\count405
\c@maxextraalpha=\count406
\c@abbrvpenalty=\count407
\c@highnamepenalty=\count408
\c@lownamepenalty=\count409
\c@maxparens=\count410
\c@parenlevel=\count411
\blx@tempcnta=\count412
\blx@tempcntb=\count413
\blx@tempcntc=\count414
\c@blx@maxsection=\count415
\blx@maxsegment@0=\count416
\blx@notetype=\count417
\blx@parenlevel@text=\count418
\blx@parenlevel@foot=\count419
\blx@sectionciteorder@0=\count420
\blx@sectionciteorderinternal@0=\count421
\blx@entrysetcounter=\count422
\blx@biblioinstance=\count423
\labelnumberwidth=\skip96
\labelalphawidth=\skip97
\biblabelsep=\skip98
\bibitemsep=\skip99
\bibnamesep=\skip100
\bibinitsep=\skip101
\bibparsep=\skip102
\bibhang=\skip103
\blx@bcfin=\read4
\blx@bcfout=\write4
\blx@langwohyphens=\language90
\c@mincomprange=\count424
\c@maxcomprange=\count425
\c@mincompwidth=\count426
Package biblatex Info: Trying to load biblatex default data model...
Package biblatex Info: ... file 'blx-dm.def' found.
 (/usr/local/texlive/2024/texmf-dist/tex/latex/biblatex/blx-dm.def
File: blx-dm.def 2023/03/05 v3.19 biblatex localization (PK/MW)
)
Package biblatex Info: Trying to load biblatex custom data model...
Package biblatex Info: ... file 'biblatex-dm.cfg' not found.
\c@afterword=\count427
\c@savedafterword=\count428
\c@annotator=\count429
\c@savedannotator=\count430
\c@author=\count431
\c@savedauthor=\count432
\c@bookauthor=\count433
\c@savedbookauthor=\count434
\c@commentator=\count435
\c@savedcommentator=\count436
\c@editor=\count437
\c@savededitor=\count438
\c@editora=\count439
\c@savededitora=\count440
\c@editorb=\count441
\c@savededitorb=\count442
\c@editorc=\count443
\c@savededitorc=\count444
\c@foreword=\count445
\c@savedforeword=\count446
\c@holder=\count447
\c@savedholder=\count448
\c@introduction=\count449
\c@savedintroduction=\count450
\c@namea=\count451
\c@savednamea=\count452
\c@nameb=\count453
\c@savednameb=\count454
\c@namec=\count455
\c@savednamec=\count456
\c@translator=\count457
\c@savedtranslator=\count458
\c@shortauthor=\count459
\c@savedshortauthor=\count460
\c@shorteditor=\count461
\c@savedshorteditor=\count462
\c@labelname=\count463
\c@savedlabelname=\count464
\c@institution=\count465
\c@savedinstitution=\count466
\c@lista=\count467
\c@savedlista=\count468
\c@listb=\count469
\c@savedlistb=\count470
\c@listc=\count471
\c@savedlistc=\count472
\c@listd=\count473
\c@savedlistd=\count474
\c@liste=\count475
\c@savedliste=\count476
\c@listf=\count477
\c@savedlistf=\count478
\c@location=\count479
\c@savedlocation=\count480
\c@organization=\count481
\c@savedorganization=\count482
\c@origlocation=\count483
\c@savedoriglocation=\count484
\c@origpublisher=\count485
\c@savedorigpublisher=\count486
\c@publisher=\count487
\c@savedpublisher=\count488
\c@language=\count489
\c@savedlanguage=\count490
\c@origlanguage=\count491
\c@savedoriglanguage=\count492
\c@pageref=\count493
\c@savedpageref=\count494
\shorthandwidth=\skip104
\shortjournalwidth=\skip105
\shortserieswidth=\skip106
\shorttitlewidth=\skip107
\shortauthorwidth=\skip108
\shorteditorwidth=\skip109
\locallabelnumberwidth=\skip110
\locallabelalphawidth=\skip111
\localshorthandwidth=\skip112
\localshortjournalwidth=\skip113
\localshortserieswidth=\skip114
\localshorttitlewidth=\skip115
\localshortauthorwidth=\skip116
\localshorteditorwidth=\skip117
Package biblatex Info: Trying to load compatibility code...
Package biblatex Info: ... file 'blx-compat.def' found.
 (/usr/local/texlive/2024/texmf-dist/tex/latex/biblatex/blx-compat.def
File: blx-compat.def 2023/03/05 v3.19 biblatex compatibility (PK/MW)
)
Package biblatex Info: Trying to load BibTeX backend compatibility...
Package biblatex Info: ... file 'blx-bibtex.def' found.
 (/usr/local/texlive/2024/texmf-dist/tex/latex/biblatex/blx-bibtex.def
File: blx-bibtex.def 2023/03/05 v3.19 biblatex compatibility (PK/MW)


Package biblatex Warning: Using fall-back bibtex backend:
(biblatex)                functionality may be reduced/unavailable.

)
Package biblatex Info: Trying to load generic definitions...
Package biblatex Info: ... file 'biblatex.def' found.
 (/usr/local/texlive/2024/texmf-dist/tex/latex/biblatex/biblatex.def
File: biblatex.def 2023/03/05 v3.19 biblatex compatibility (PK/MW)
\c@textcitecount=\count495
\c@textcitetotal=\count496
\c@textcitemaxnames=\count497
\c@biburlbigbreakpenalty=\count498
\c@biburlbreakpenalty=\count499
\c@biburlnumpenalty=\count500
\c@biburlucpenalty=\count501
\c@biburllcpenalty=\count502
\biburlbigskip=\muskip17
\biburlnumskip=\muskip18
\biburlucskip=\muskip19
\biburllcskip=\muskip20
\c@smartand=\count503
)
Package biblatex Info: Trying to load natbib compatibility...
Package biblatex Info: ... file 'blx-natbib.def' found.
 (/usr/local/texlive/2024/texmf-dist/tex/latex/biblatex/blx-natbib.def
File: blx-natbib.def 2023/03/05 v3.19 biblatex compatibility (PK/MW)
Package biblatex Info: Delimiter 'nameyeardelim' in context '' already defined, overwriting.
)
Package biblatex Info: Trying to load bibliography style 'numeric'...
Package biblatex Info: ... file 'numeric.bbx' found.
 (/usr/local/texlive/2024/texmf-dist/tex/latex/biblatex/bbx/numeric.bbx
File: numeric.bbx 2023/03/05 v3.19 biblatex bibliography style (PK/MW)
Package biblatex Info: Trying to load bibliography style 'standard'...
Package biblatex Info: ... file 'standard.bbx' found.
 (/usr/local/texlive/2024/texmf-dist/tex/latex/biblatex/bbx/standard.bbx
File: standard.bbx 2023/03/05 v3.19 biblatex bibliography style (PK/MW)
\c@bbx:relatedcount=\count504
\c@bbx:relatedtotal=\count505
))
Package biblatex Info: Trying to load citation style 'numeric'...
Package biblatex Info: ... file 'numeric.cbx' found.
 (/usr/local/texlive/2024/texmf-dist/tex/latex/biblatex/cbx/numeric.cbx
File: numeric.cbx 2023/03/05 v3.19 biblatex citation style (PK/MW)
Package biblatex Info: Redefining '\cite'.
Package biblatex Info: Redefining '\parencite'.
Package biblatex Info: Redefining '\footcite'.
Package biblatex Info: Redefining '\footcitetext'.
Package biblatex Info: Redefining '\smartcite'.
Package biblatex Info: Redefining '\supercite'.
Package biblatex Info: Redefining '\textcite'.
Package biblatex Info: Redefining '\textcites'.
Package biblatex Info: Redefining '\cites'.
Package biblatex Info: Redefining '\parencites'.
Package biblatex Info: Redefining '\smartcites'.
)
Package biblatex Info: Trying to load configuration file...
Package biblatex Info: ... file 'biblatex.cfg' found.
 (/usr/local/texlive/2024/texmf-dist/tex/latex/biblatex/biblatex.cfg
File: biblatex.cfg 
)
Package biblatex Info: Input encoding 'utf8' detected.
Package biblatex Info: Document encoding is UTF8 ....
 (/usr/local/texlive/2024/texmf-dist/tex/latex/l3kernel/expl3.sty
Package: expl3 2024-02-20 L3 programming layer (loader) 
 (/usr/local/texlive/2024/texmf-dist/tex/latex/l3backend/l3backend-pdftex.def
File: l3backend-pdftex.def 2024-02-20 L3 backend support: PDF output (pdfTeX)
\l__color_backend_stack_int=\count506
\l__pdf_internal_box=\box90
))
Package biblatex Info: ... and expl3
(biblatex)             2024-02-20 L3 programming layer (loader) 
(biblatex)             is new enough (at least 2020/04/06),
(biblatex)             setting 'casechanger=expl3'.
 (/usr/local/texlive/2024/texmf-dist/tex/latex/biblatex/blx-case-expl3.sty (/usr/local/texlive/2024/texmf-dist/tex/latex/l3packages/xparse/xparse.sty
Package: xparse 2024-02-18 L3 Experimental document command parser
)
Package: blx-case-expl3 2023/03/05 v3.19 expl3 case changing code for biblatex
)) (/usr/local/texlive/2024/texmf-dist/tex/latex/float/float.sty
Package: float 2001/11/08 v1.3d Float enhancements (AL)
\c@float@type=\count507
\float@exts=\toks53
\float@box=\box91
\@float@everytoks=\toks54
\@floatcapt=\box92
)) (./config/settings.tex
Package hyperref Info: Option `colorlinks' set `true' on input line 15.
Package newfloat Info: New float `listing' with options `fileext=frm,placement={!ht},name=Listing,within=section' on input line 16.
\c@listing=\count508
Package newfloat Info: float type `listing'=4 on input line 16.
Package caption Info: New subtype `sublisting' on input line 16.
\c@sublisting=\count509
) (/usr/local/texlive/2024/texmf-dist/tex/latex/glossaries/base/glossaries.sty
Package: glossaries 2023/09/29 v4.53 (NLCT)
 (/usr/local/texlive/2024/texmf-dist/tex/latex/xkeyval/xkeyval.sty
Package: xkeyval 2022/06/16 v2.9 package option processing (HA)
 (/usr/local/texlive/2024/texmf-dist/tex/generic/xkeyval/xkeyval.tex (/usr/local/texlive/2024/texmf-dist/tex/generic/xkeyval/xkvutils.tex
\XKV@toks=\toks55
\XKV@tempa@toks=\toks56
)
\XKV@depth=\count510
File: xkeyval.tex 2014/12/03 v2.7a key=value parser (HA)
)) (/usr/local/texlive/2024/texmf-dist/tex/latex/mfirstuc/mfirstuc.sty
Package: mfirstuc 2022/10/14 v2.08 (NLCT)
\@glsmfirst=\toks57
\@glsmrest=\toks58
) (/usr/local/texlive/2024/texmf-dist/tex/latex/xfor/xfor.sty
Package: xfor 2009/02/05 v1.05 (NLCT)
) (/usr/local/texlive/2024/texmf-dist/tex/latex/datatool/datatool-base.sty
Package: datatool-base 2019/09/27 v2.32 (NLCT)
 (/usr/local/texlive/2024/texmf-dist/tex/latex/amsmath/amsmath.sty
Package: amsmath 2023/05/13 v2.17o AMS math features
\@mathmargin=\skip118

For additional information on amsmath, use the `?' option.
(/usr/local/texlive/2024/texmf-dist/tex/latex/amsmath/amsbsy.sty
Package: amsbsy 1999/11/29 v1.2d Bold Symbols
\pmbraise@=\dimen335
) (/usr/local/texlive/2024/texmf-dist/tex/latex/amsmath/amsopn.sty
Package: amsopn 2022/04/08 v2.04 operator names
)
\inf@bad=\count511
LaTeX Info: Redefining \frac on input line 234.
\uproot@=\count512
\leftroot@=\count513
LaTeX Info: Redefining \overline on input line 399.
LaTeX Info: Redefining \colon on input line 410.
\classnum@=\count514
\DOTSCASE@=\count515
LaTeX Info: Redefining \ldots on input line 496.
LaTeX Info: Redefining \dots on input line 499.
LaTeX Info: Redefining \cdots on input line 620.
\Mathstrutbox@=\box93
\strutbox@=\box94
LaTeX Info: Redefining \big on input line 722.
LaTeX Info: Redefining \Big on input line 723.
LaTeX Info: Redefining \bigg on input line 724.
LaTeX Info: Redefining \Bigg on input line 725.
\big@size=\dimen336
LaTeX Font Info:    Redeclaring font encoding OML on input line 743.
LaTeX Font Info:    Redeclaring font encoding OMS on input line 744.
\macc@depth=\count516
LaTeX Info: Redefining \bmod on input line 905.
LaTeX Info: Redefining \pmod on input line 910.
LaTeX Info: Redefining \smash on input line 940.
LaTeX Info: Redefining \relbar on input line 970.
LaTeX Info: Redefining \Relbar on input line 971.
\c@MaxMatrixCols=\count517
\dotsspace@=\muskip21
\c@parentequation=\count518
\dspbrk@lvl=\count519
\tag@help=\toks59
\row@=\count520
\column@=\count521
\maxfields@=\count522
\andhelp@=\toks60
\eqnshift@=\dimen337
\alignsep@=\dimen338
\tagshift@=\dimen339
\tagwidth@=\dimen340
\totwidth@=\dimen341
\lineht@=\dimen342
\@envbody=\toks61
\multlinegap=\skip119
\multlinetaggap=\skip120
\mathdisplay@stack=\toks62
LaTeX Info: Redefining \[ on input line 2953.
LaTeX Info: Redefining \] on input line 2954.
) (/usr/local/texlive/2024/texmf-dist/tex/latex/substr/substr.sty
Package: substr 2009/10/20 v1.2 Handle substrings
\c@su@anzahl=\count523
) (/usr/local/texlive/2024/texmf-dist/tex/latex/datatool/datatool-fp.sty
Package: datatool-fp 2019/09/27 v2.32 (NLCT)
 (/usr/local/texlive/2024/texmf-dist/tex/latex/fp/fp.sty
Package: fp 1995/04/02
 `Fixed Point Package', Version 0.8, April 2, 1995 (C) Michael Mehlich (/usr/local/texlive/2024/texmf-dist/tex/latex/fp/defpattern.sty
Package: defpattern 1994/10/12
\actioncount=\count524
) (/usr/local/texlive/2024/texmf-dist/tex/latex/fp/fp-basic.sty
Package: fp-basic 1996/05/13
\FP@xs=\count525
\FP@xia=\count526
\FP@xib=\count527
\FP@xfa=\count528
\FP@xfb=\count529
\FP@rega=\count530
\FP@regb=\count531
\FP@regs=\count532
\FP@times=\count533
) (/usr/local/texlive/2024/texmf-dist/tex/latex/fp/fp-addons.sty
Package: fp-addons 1995/03/15
) (/usr/local/texlive/2024/texmf-dist/tex/latex/fp/fp-snap.sty
Package: fp-snap 1995/04/05
) (/usr/local/texlive/2024/texmf-dist/tex/latex/fp/fp-exp.sty
Package: fp-exp 1995/04/03
) (/usr/local/texlive/2024/texmf-dist/tex/latex/fp/fp-trigo.sty
Package: fp-trigo 1995/04/14
) (/usr/local/texlive/2024/texmf-dist/tex/latex/fp/fp-pas.sty
Package: fp-pas 1994/08/29
) (/usr/local/texlive/2024/texmf-dist/tex/latex/fp/fp-random.sty
Package: fp-random 1995/02/23
\FPseed=\count534
) (/usr/local/texlive/2024/texmf-dist/tex/latex/fp/fp-eqn.sty
Package: fp-eqn 1995/04/03
) (/usr/local/texlive/2024/texmf-dist/tex/latex/fp/fp-upn.sty
Package: fp-upn 1996/10/21
) (/usr/local/texlive/2024/texmf-dist/tex/latex/fp/fp-eval.sty
Package: fp-eval 1995/04/03
)))
\@dtl@toks=\toks63
\@dtl@tmpcount=\count535
\dtl@tmplength=\skip121
\dtl@sortresult=\count536
\@dtl@numgrpsepcount=\count537
\@dtl@datatype=\count538
\dtl@codeA=\count539
\dtl@codeB=\count540
\@dtl@foreach@level=\count541
) (/usr/local/texlive/2024/texmf-dist/tex/latex/tracklang/tracklang.sty
Package: tracklang 2022/12/13 v1.6.1 (NLCT) Track Languages
 (/usr/local/texlive/2024/texmf-dist/tex/generic/tracklang/tracklang.tex)) (/usr/local/texlive/2024/texmf-dist/tex/latex/translator/translator.sty
Package: translator 2021-05-31 v1.12d Easy translation of strings in LaTeX
) (/usr/local/texlive/2024/texmf-dist/tex/latex/glossaries-english/glossaries-english.ldf
File: glossaries-english.ldf 2014/11/23 v1.0
)
\gls@level=\count542
\@gls@tmpb=\toks64
\gls@tmplen=\skip122
\glskeylisttok=\toks65
\glslabeltok=\toks66
\glsshorttok=\toks67
\glslongtok=\toks68
 (/usr/local/texlive/2024/texmf-dist/tex/latex/glossaries/styles/glossary-hypernav.sty
Package: glossary-hypernav 2023/09/29 v4.53 (NLCT)
) (/usr/local/texlive/2024/texmf-dist/tex/latex/glossaries/styles/glossary-list.sty
Package: glossary-list 2023/09/29 v4.53 (NLCT)
\glslistdottedwidth=\skip123
) (/usr/local/texlive/2024/texmf-dist/tex/latex/glossaries/styles/glossary-long.sty
Package: glossary-long 2023/09/29 v4.53 (NLCT)
\glsdescwidth=\skip124
\glspagelistwidth=\skip125
) (/usr/local/texlive/2024/texmf-dist/tex/latex/glossaries/styles/glossary-super.sty
Package: glossary-super 2023/09/29 v4.53 (NLCT)
 (/usr/local/texlive/2024/texmf-dist/tex/latex/supertabular/supertabular.sty
Package: supertabular 2020/02/02 v4.1g the supertabular environment
\c@tracingst=\count543
\ST@wd=\dimen343
\ST@rightskip=\skip126
\ST@leftskip=\skip127
\ST@parfillskip=\skip128
\ST@pageleft=\dimen344
\ST@headht=\dimen345
\ST@tailht=\dimen346
\ST@pagesofar=\dimen347
\ST@pboxht=\dimen348
\ST@lineht=\dimen349
\ST@prevht=\dimen350
\ST@toadd=\dimen351
\ST@dimen=\dimen352
\ST@pbox=\box95
)) (/usr/local/texlive/2024/texmf-dist/tex/latex/glossaries/styles/glossary-tree.sty
Package: glossary-tree 2023/09/29 v4.53 (NLCT)
\glstreeindent=\skip129
)) (/usr/local/texlive/2024/texmf-dist/tex/latex/braille/braille.sty
Package: braille 
\brailleunit=\skip130
) (/usr/local/texlive/2024/texmf-dist/tex/latex/base/fontenc.sty
Package: fontenc 2021/04/29 v2.0v Standard LaTeX package
LaTeX Font Info:    Trying to load font information for T1+aer on input line 112.
 (/usr/local/texlive/2024/texmf-dist/tex/latex/ae/t1aer.fd
File: t1aer.fd 1997/11/16 Font definitions for T1/aer.
))
\glswrite=\write5
\glo@main@file=\write6
\openout6 = `main.glo'.

Package glossaries Info: Writing glossary file main.glo on input line 46.
\glo@acronym@file=\write7
\openout7 = `main.acn'.

Package glossaries Info: Writing glossary file main.acn on input line 46.
Package csquotes Info: Checking for multilingual support...
Package csquotes Info: ... found 'babel' package.
Package csquotes Info: Adjusting default style.
Package csquotes Info: Redefining alias 'default' -> 'english'.
 (./main.aux (./tex/chapter/introduction.aux) (./tex/chapter/background.aux) (./tex/chapter/relatedWorks.aux) (./tex/chapter/design.aux) (./tex/chapter/implementation.aux) (./tex/chapter/analysis.aux

LaTeX Warning: Label `table:learning_significance_results_firstStudy_nonParam' multiply defined.


LaTeX Warning: Label `table:learning_significance_results_secondStudy_nonPar' multiply defined.

) (./tex/chapter/evaluation.aux) (./tex/chapter/futurework.aux) (./tex/summary.aux))
\openout1 = `main.aux'.

LaTeX Font Info:    Checking defaults for OML/cmm/m/it on input line 48.
LaTeX Font Info:    ... okay on input line 48.
LaTeX Font Info:    Checking defaults for OMS/cmsy/m/n on input line 48.
LaTeX Font Info:    ... okay on input line 48.
LaTeX Font Info:    Checking defaults for OT1/cmr/m/n on input line 48.
LaTeX Font Info:    ... okay on input line 48.
LaTeX Font Info:    Checking defaults for T1/cmr/m/n on input line 48.
LaTeX Font Info:    ... okay on input line 48.
LaTeX Font Info:    Checking defaults for TS1/cmr/m/n on input line 48.
LaTeX Font Info:    ... okay on input line 48.
LaTeX Font Info:    Checking defaults for OMX/cmex/m/n on input line 48.
LaTeX Font Info:    ... okay on input line 48.
LaTeX Font Info:    Checking defaults for U/cmr/m/n on input line 48.
LaTeX Font Info:    ... okay on input line 48.
LaTeX Font Info:    Checking defaults for PD1/pdf/m/n on input line 48.
LaTeX Font Info:    ... okay on input line 48.
LaTeX Font Info:    Checking defaults for PU/pdf/m/n on input line 48.
LaTeX Font Info:    ... okay on input line 48.
 (/usr/local/texlive/2024/texmf-dist/tex/context/base/mkii/supp-pdf.mkii
[Loading MPS to PDF converter (version 2006.09.02).]
\scratchcounter=\count544
\scratchdimen=\dimen353
\scratchbox=\box96
\nofMPsegments=\count545
\nofMParguments=\count546
\everyMPshowfont=\toks69
\MPscratchCnt=\count547
\MPscratchDim=\dimen354
\MPnumerator=\count548
\makeMPintoPDFobject=\count549
\everyMPtoPDFconversion=\toks70
) (/usr/local/texlive/2024/texmf-dist/tex/latex/epstopdf-pkg/epstopdf-base.sty
Package: epstopdf-base 2020-01-24 v2.11 Base part for package epstopdf
 (/usr/local/texlive/2024/texmf-dist/tex/latex/grfext/grfext.sty
Package: grfext 2019/12/03 v1.3 Manage graphics extensions (HO)
)
Package epstopdf-base Info: Redefining graphics rule for `.eps' on input line 485.
Package grfext Info: Graphics extension search list:
(grfext)             [.pdf,.png,.jpg,.mps,.jpeg,.jbig2,.jb2,.PDF,.PNG,.JPG,.JPEG,.JBIG2,.JB2,.eps]
(grfext)             \AppendGraphicsExtensions on input line 504.
 (/usr/local/texlive/2024/texmf-dist/tex/latex/latexconfig/epstopdf-sys.cfg
File: epstopdf-sys.cfg 2010/07/13 v1.3 Configuration of (r)epstopdf for TeX Live
))
*geometry* driver: auto-detecting
*geometry* detected driver: pdftex
*geometry* verbose mode - [ preamble ] result:
* driver: pdftex
* paper: a4paper
* layout: <same size as paper>
* layoutoffset:(h,v)=(0.0pt,0.0pt)
* modes: twoside 
* h-part:(L,W,R)=(85.35826pt, 426.79135pt, 85.35826pt)
* v-part:(T,H,B)=(65.44133pt, 708.47363pt, 71.13188pt)
* \paperwidth=597.50787pt
* \paperheight=845.04684pt
* \textwidth=426.79135pt
* \textheight=708.47363pt
* \oddsidemargin=13.08827pt
* \evensidemargin=13.08827pt
* \topmargin=-41.20245pt
* \headheight=14.5pt
* \headsep=19.8738pt
* \topskip=12.0pt
* \footskip=30.0pt
* \marginparwidth=88.0pt
* \marginparsep=7.0pt
* \columnsep=10.0pt
* \skip\footins=10.8pt plus 4.0pt minus 2.0pt
* \hoffset=0.0pt
* \voffset=0.0pt
* \mag=1000
* \@twocolumnfalse
* \@twosidetrue
* \@mparswitchtrue
* \@reversemarginfalse
* (1in=72.27pt=25.4mm, 1cm=28.453pt)

Package hyperref Info: Link coloring ON on input line 48.
(./main.out) (./main.out)
\@outlinefile=\write8
\openout8 = `main.out'.

 (/usr/local/texlive/2024/texmf-dist/tex/latex/translations/translations-basic-dictionary-english.trsl
File: translations-basic-dictionary-english.trsl (english translation file `translations-basic-dictionary')
)
Package translations Info: loading dictionary `translations-basic-dictionary' for `english'. on input line 48.
\c@lstlisting=\count550
Package newfloat Info: Trying Plan B...
Package newfloat Info: `float' package detected.
Package newfloat Info: `rotating' package detected.
Package caption Info: Begin \AtBeginDocument code.
Package caption Info: float package is loaded.
Package caption Info: rotating package is loaded.
Package caption Info: supertabular package is loaded.
Package caption Info: End \AtBeginDocument code.

Package pgfplots notification 'compat/show suggested version=true': document has been generated with the most recent feature set (\pgfplotsset{compat=1.18}).

(/usr/local/texlive/2024/texmf-dist/tex/latex/pdflscape/pdflscape.sty
Package: pdflscape 2022-10-27 v0.13 Display of landscape pages in PDF
 (/usr/local/texlive/2024/texmf-dist/tex/latex/pdflscape/pdflscape-nometadata.sty
Package: pdflscape-nometadata 2022-10-28 v0.13 Display of landscape pages in PDF (HO)
 (/usr/local/texlive/2024/texmf-dist/tex/latex/graphics/lscape.sty
Package: lscape 2020/05/28 v3.02 Landscape Pages (DPC)
)
Package pdflscape Info: Auto-detected driver: pdftex on input line 81.
))
Package biblatex Info: Trying to load language 'english'...
Package biblatex Info: ... file 'english.lbx' found.
 (/usr/local/texlive/2024/texmf-dist/tex/latex/biblatex/lbx/english.lbx
File: english.lbx 2023/03/05 v3.19 biblatex localization (PK/MW)
)
Package biblatex Info: Input encoding 'utf8' detected.
Package biblatex Info: Automatic encoding selection.
(biblatex)             Assuming data encoding 'utf8'.
Package biblatex Info: Input encoding 'utf8' detected.
Package biblatex Info: Data encoding 'utf8' specified.
(biblatex)             No need to reencode data.
\openout4 = `main-blx.bib'.

Package biblatex Info: Trying to load bibliographic data...
Package biblatex Info: ... file 'main.bbl' found.
 (./main.bbl

Package biblatex Warning: BibTeX reported the following issues
(biblatex)                with '10.1145/3674805.3686691':
(biblatex)                - Can't use 'location' + 'address'.

)
Package biblatex Info: Reference section=0 on input line 48.
Package biblatex Info: Reference segment=0 on input line 48.
<titelseiten.pdf, id=171, 597.23125pt x 845.1575pt>
File: titelseiten.pdf Graphic file (type pdf)
<use titelseiten.pdf>
Package pdftex.def Info: titelseiten.pdf  used on input line 57.
(pdftex.def)             Requested size: 597.22978pt x 845.15544pt.
File: titelseiten.pdf Graphic file (type pdf)
<use titelseiten.pdf>
Package pdftex.def Info: titelseiten.pdf  used on input line 57.
(pdftex.def)             Requested size: 597.22978pt x 845.15544pt.
<titelseiten.pdf, id=174, page=1, 597.23125pt x 845.1575pt>
File: titelseiten.pdf Graphic file (type pdf)
<use titelseiten.pdf, page 1>
Package pdftex.def Info: titelseiten.pdf , page1 used on input line 57.
(pdftex.def)             Requested size: 597.22978pt x 845.15544pt.
File: titelseiten.pdf Graphic file (type pdf)
<use titelseiten.pdf, page 1>
Package pdftex.def Info: titelseiten.pdf , page1 used on input line 57.
(pdftex.def)             Requested size: 597.25711pt x 845.19412pt.
File: titelseiten.pdf Graphic file (type pdf)
<use titelseiten.pdf, page 1>
Package pdftex.def Info: titelseiten.pdf , page1 used on input line 57.
(pdftex.def)             Requested size: 597.25711pt x 845.19412pt.
File: titelseiten.pdf Graphic file (type pdf)
<use titelseiten.pdf, page 1>
Package pdftex.def Info: titelseiten.pdf , page1 used on input line 57.
(pdftex.def)             Requested size: 597.25711pt x 845.19412pt.
File: titelseiten.pdf Graphic file (type pdf)
<use titelseiten.pdf, page 1>
Package pdftex.def Info: titelseiten.pdf , page1 used on input line 57.
(pdftex.def)             Requested size: 597.25711pt x 845.19412pt.
 [1

\openout5 = `main.ist'.



 <./titelseiten.pdf>]
<titelseiten.pdf, id=212, page=2, 597.23125pt x 845.1575pt>
File: titelseiten.pdf Graphic file (type pdf)
<use titelseiten.pdf, page 2>
Package pdftex.def Info: titelseiten.pdf , page2 used on input line 57.
(pdftex.def)             Requested size: 597.25711pt x 845.19412pt.
File: titelseiten.pdf Graphic file (type pdf)
<use titelseiten.pdf, page 2>
Package pdftex.def Info: titelseiten.pdf , page2 used on input line 57.
(pdftex.def)             Requested size: 597.25711pt x 845.19412pt.
File: titelseiten.pdf Graphic file (type pdf)
<use titelseiten.pdf, page 2>
Package pdftex.def Info: titelseiten.pdf , page2 used on input line 57.
(pdftex.def)             Requested size: 597.25711pt x 845.19412pt.
 [2

 <./titelseiten.pdf>]
<titelseiten.pdf, id=217, page=3, 597.23125pt x 845.1575pt>
File: titelseiten.pdf Graphic file (type pdf)
<use titelseiten.pdf, page 3>
Package pdftex.def Info: titelseiten.pdf , page3 used on input line 57.
(pdftex.def)             Requested size: 597.25711pt x 845.19412pt.
File: titelseiten.pdf Graphic file (type pdf)
<use titelseiten.pdf, page 3>
Package pdftex.def Info: titelseiten.pdf , page3 used on input line 57.
(pdftex.def)             Requested size: 597.25711pt x 845.19412pt.
File: titelseiten.pdf Graphic file (type pdf)
<use titelseiten.pdf, page 3>
Package pdftex.def Info: titelseiten.pdf , page3 used on input line 57.
(pdftex.def)             Requested size: 597.25711pt x 845.19412pt.
 [3

 <./titelseiten.pdf>]
<titelseiten.pdf, id=226, page=4, 597.23125pt x 845.1575pt>
File: titelseiten.pdf Graphic file (type pdf)
<use titelseiten.pdf, page 4>
Package pdftex.def Info: titelseiten.pdf , page4 used on input line 57.
(pdftex.def)             Requested size: 597.25711pt x 845.19412pt.
File: titelseiten.pdf Graphic file (type pdf)
<use titelseiten.pdf, page 4>
Package pdftex.def Info: titelseiten.pdf , page4 used on input line 57.
(pdftex.def)             Requested size: 597.25711pt x 845.19412pt.
File: titelseiten.pdf Graphic file (type pdf)
<use titelseiten.pdf, page 4>
Package pdftex.def Info: titelseiten.pdf , page4 used on input line 57.
(pdftex.def)             Requested size: 597.25711pt x 845.19412pt.
 [4

 <./titelseiten.pdf>] (./main.toc
LaTeX Font Info:    Trying to load font information for U+msa on input line 4.
 (/usr/local/texlive/2024/texmf-dist/tex/latex/amsfonts/umsa.fd
File: umsa.fd 2013/01/14 v3.01 AMS symbols A
)
LaTeX Font Info:    Trying to load font information for U+msb on input line 4.
 (/usr/local/texlive/2024/texmf-dist/tex/latex/amsfonts/umsb.fd
File: umsb.fd 2013/01/14 v3.01 AMS symbols B
)
pdfTeX warning (ext4): destination with the same identifier (name{page.i}) has been already used, duplicate ignored
<to be read again> 
                   \relax 
l.38 ... Construct Validity}{71}{subsection.5.1.2}
                                                  % [1

{/usr/local/texlive/2024/texmf-var/fonts/map/pdftex/updmap/pdftex.map}])
\tf@toc=\write9
\openout9 = `main.toc'.


pdfTeX warning (ext4): destination with the same identifier (name{page.ii}) has been already used, duplicate ignored
<to be read again> 
                   \relax 
l.68 }
       [2] (./main.lof
pdfTeX warning (ext4): destination with the same identifier (name{page.iii}) has been already used, duplicate ignored
<to be read again> 
                   \relax 
l.29 ...ifferent stimuli.}}{46}{figure.caption.43}
                                                  % [3

])
\tf@lof=\write10
\openout10 = `main.lof'.


pdfTeX warning (ext4): destination with the same identifier (name{page.iv}) has been already used, duplicate ignored
<to be read again> 
                   \relax 
l.68 }
       [4] (./main.lot
Overfull \hbox (13.49367pt too wide) in paragraph at lines 12--12
 [][] [][][]\T1/aer/m/n/12 Results of the Kruskal-Wallis sig-nif-i-cance tests for the dif-fer-ent NasaTLX 
 []


Overfull \hbox (7.30153pt too wide) in paragraph at lines 16--16
 [][] [][][]\T1/aer/m/n/12 Results of the Kruskal-Wallis sig-nif-i-cance tests for the wordtests ^^P  THE^^Q, 
 []

[5

])
\tf@lot=\write11
\openout11 = `main.lot'.

 [6] [7

] [8

]
No file main.gls.
No file main.acr.
[1

]
\openout2 = `tex/chapter/introduction.aux'.

 (./tex/chapter/introduction.tex [2


]
Chapter 1.
Package newfloat Info: Setting Plan B file extension to `lof'... on input line 1.
LaTeX Font Info:    Font shape `T1/aer/b/it' in size <12> not available
(Font)              Font shape `T1/aer/bx/it' tried instead on input line 13.
[3]) [4]
\openout2 = `tex/chapter/background.aux'.

 (./tex/chapter/background.tex
Chapter 2.
[5




] [6] [7] [8] [9]
<src/pictures/hand_haptics.drawio.png, id=851, 1829.83624pt x 666.49pt>
File: src/pictures/hand_haptics.drawio.png Graphic file (type png)
<use src/pictures/hand_haptics.drawio.png>
Package pdftex.def Info: src/pictures/hand_haptics.drawio.png  used on input line 165.
(pdftex.def)             Requested size: 426.79135pt x 155.44547pt.


pdfTeX warning: pdflatex (file ./src/pictures/hand_Depiction.drawio.pdf): PDF inclusion: found PDF version <1.7>, but at most version <1.5> allowed
<src/pictures/hand_Depiction.drawio.pdf, id=879, 434.58359pt x 192.72pt>
File: src/pictures/hand_Depiction.drawio.pdf Graphic file (type pdf)
<use src/pictures/hand_Depiction.drawio.pdf>
Package pdftex.def Info: src/pictures/hand_Depiction.drawio.pdf  used on input line 176.
(pdftex.def)             Requested size: 426.79135pt x 189.27304pt.
[10 <./src/pictures/hand_haptics.drawio.png>]
<src//pictures/skin.jpg, id=930, 1778.645pt x 1367.1075pt>
File: src//pictures/skin.jpg Graphic file (type jpg)
<use src//pictures/skin.jpg>
Package pdftex.def Info: src//pictures/skin.jpg  used on input line 187.
(pdftex.def)             Requested size: 298.75264pt x 229.60991pt.
 [11 <./src/pictures/hand_Depiction.drawio.pdf>] [12 <./src//pictures/skin.jpg>]

pdfTeX warning: pdflatex (file ./src//pictures/ost_diagram.drawio.pdf): PDF inclusion: found PDF version <1.7>, but at most version <1.5> allowed
<src//pictures/ost_diagram.drawio.pdf, id=990, 511.9125pt x 154.6578pt>
File: src//pictures/ost_diagram.drawio.pdf Graphic file (type pdf)
<use src//pictures/ost_diagram.drawio.pdf>
Package pdftex.def Info: src//pictures/ost_diagram.drawio.pdf  used on input line 212.
(pdftex.def)             Requested size: 426.79135pt x 128.94174pt.
[13 <./src//pictures/ost_diagram.drawio.pdf>]
<src//pictures/Screenshot 2024-09-12 at 20.13.38.png, id=1078, 483.8075pt x 432.61626pt>
File: src//pictures/Screenshot 2024-09-12 at 20.13.38.png Graphic file (type png)
<use src//pictures/Screenshot 2024-09-12 at 20.13.38.png>
Package pdftex.def Info: src//pictures/Screenshot 2024-09-12 at 20.13.38.png  used on input line 235.
(pdftex.def)             Requested size: 213.39568pt x 190.81383pt.
<src//pictures/braille_alphabet.png, id=1081, 1445.4pt x 608.2725pt>
File: src//pictures/braille_alphabet.png Graphic file (type png)
<use src//pictures/braille_alphabet.png>
Package pdftex.def Info: src//pictures/braille_alphabet.png  used on input line 241.
(pdftex.def)             Requested size: 213.39568pt x 89.79831pt.
 [14 <./src//pictures/Screenshot 2024-09-12 at 20.13.38.png>] [15 <./src//pictures/braille_alphabet.png>]) [16]
\openout2 = `tex/chapter/relatedWorks.aux'.

 (./tex/chapter/relatedWorks.tex [17



] [18] [19] [20] [21] [22] [23] [24]) [25]
\openout2 = `tex/chapter/design.aux'.

 (./tex/chapter/design.tex [26




]
Chapter 3.
[27]
<src/pictures/Screenshot 2024-09-12 at 15.11.57.png, id=1364, 533.995pt x 321.2pt>
File: src/pictures/Screenshot 2024-09-12 at 15.11.57.png Graphic file (type png)
<use src/pictures/Screenshot 2024-09-12 at 15.11.57.png>
Package pdftex.def Info: src/pictures/Screenshot 2024-09-12 at 15.11.57.png  used on input line 21.
(pdftex.def)             Requested size: 213.39568pt x 128.36009pt.
<src/pictures/Screenshot 2024-09-12 at 15.11.38.png, id=1367, 758.835pt x 294.09875pt>
File: src/pictures/Screenshot 2024-09-12 at 15.11.38.png Graphic file (type png)
<use src/pictures/Screenshot 2024-09-12 at 15.11.38.png>
Package pdftex.def Info: src/pictures/Screenshot 2024-09-12 at 15.11.38.png  used on input line 27.
(pdftex.def)             Requested size: 213.39568pt x 82.7016pt.
<src/pictures/Screenshot 2024-09-12 at 15.10.49.png, id=1370, 758.835pt x 256.96pt>
File: src/pictures/Screenshot 2024-09-12 at 15.10.49.png Graphic file (type png)
<use src/pictures/Screenshot 2024-09-12 at 15.10.49.png>
Package pdftex.def Info: src/pictures/Screenshot 2024-09-12 at 15.10.49.png  used on input line 33.
(pdftex.def)             Requested size: 213.39568pt x 72.25806pt.
LaTeX Font Info:    Trying to load font information for TS1+aer on input line 38.
LaTeX Font Info:    No file TS1aer.fd. on input line 38.


LaTeX Font Warning: Font shape `TS1/aer/m/n' undefined
(Font)              using `TS1/cmr/m/n' instead
(Font)              for symbol `textdegree' on input line 38.

[28{/usr/local/texlive/2024/texmf-dist/fonts/enc/dvips/cm-super/cm-super-ts1.enc} <./src/pictures/Screenshot 2024-09-12 at 15.11.57.png> <./src/pictures/Screenshot 2024-09-12 at 15.11.38.png> <./src/pictures/Screenshot 2024-09-12 at 15.10.49.png>]
<src/pictures/GloveDesigns/cases.jpg, id=1390, 1708.3825pt x 1280.785pt>
File: src/pictures/GloveDesigns/cases.jpg Graphic file (type jpg)
<use src/pictures/GloveDesigns/cases.jpg>
Package pdftex.def Info: src/pictures/GloveDesigns/cases.jpg  used on input line 55.
(pdftex.def)             Requested size: 213.39568pt x 159.98047pt.
<src/pictures/GloveDesigns/openCase.jpg, id=1391, 1708.3825pt x 1280.785pt>
File: src/pictures/GloveDesigns/openCase.jpg Graphic file (type jpg)
<use src/pictures/GloveDesigns/openCase.jpg>
Package pdftex.def Info: src/pictures/GloveDesigns/openCase.jpg  used on input line 62.
(pdftex.def)             Requested size: 213.39568pt x 159.98047pt.
 [29 <./src/pictures/GloveDesigns/cases.jpg> <./src/pictures/GloveDesigns/openCase.jpg>]
<src/pictures/GloveDesigns/casesFinished.jpg, id=1402, 1708.3825pt x 1280.785pt>
File: src/pictures/GloveDesigns/casesFinished.jpg Graphic file (type jpg)
<use src/pictures/GloveDesigns/casesFinished.jpg>
Package pdftex.def Info: src/pictures/GloveDesigns/casesFinished.jpg  used on input line 76.
(pdftex.def)             Requested size: 213.39568pt x 159.98047pt.
<src/pictures/GloveDesigns/oldDesign.jpg, id=1409, 1708.3825pt x 1280.785pt>
File: src/pictures/GloveDesigns/oldDesign.jpg Graphic file (type jpg)
<use src/pictures/GloveDesigns/oldDesign.jpg>
Package pdftex.def Info: src/pictures/GloveDesigns/oldDesign.jpg  used on input line 99.
(pdftex.def)             Requested size: 213.39568pt x 159.98047pt.
LaTeX Font Info:    Faking \texteuro for font family aer
(Font)              in TS1 encoding on input line 104.
 [30 <./src/pictures/GloveDesigns/casesFinished.jpg>]

pdfTeX warning: pdflatex (file ./src/pictures/CircuitDiagramGlove.drawio.pdf): PDF inclusion: found PDF version <1.7>, but at most version <1.5> allowed
<src/pictures/CircuitDiagramGlove.drawio.pdf, id=1423, 289.08pt x 220.9053pt>
File: src/pictures/CircuitDiagramGlove.drawio.pdf Graphic file (type pdf)
<use src/pictures/CircuitDiagramGlove.drawio.pdf>
Package pdftex.def Info: src/pictures/CircuitDiagramGlove.drawio.pdf  used on input line 111.
(pdftex.def)             Requested size: 213.39568pt x 163.06961pt.
[31 <./src/pictures/GloveDesigns/oldDesign.jpg> <./src/pictures/CircuitDiagramGlove.drawio.pdf>]
Overfull \hbox (7.95422pt too wide) in paragraph at lines 141--144
[]\T1/aer/m/n/12 The web-site plays the cor-re-spond-ing au-dio for the se-lected char-ac-ter us-ing a JavaScript
 []



pdfTeX warning: pdflatex (file ./src/pictures/MobileWebsiteVersion.drawio.pdf): PDF inclusion: found PDF version <1.7>, but at most version <1.5> allowed
<src/pictures/MobileWebsiteVersion.drawio.pdf, id=1469, 964.56357pt x 883.38025pt>
File: src/pictures/MobileWebsiteVersion.drawio.pdf Graphic file (type pdf)
<use src/pictures/MobileWebsiteVersion.drawio.pdf>
Package pdftex.def Info: src/pictures/MobileWebsiteVersion.drawio.pdf  used on input line 147.
(pdftex.def)             Requested size: 213.39568pt x 195.43607pt.
<src/pictures/testingSite.png, id=1473, 2168.1pt x 1626.075pt>
File: src/pictures/testingSite.png Graphic file (type png)
<use src/pictures/testingSite.png>
Package pdftex.def Info: src/pictures/testingSite.png  used on input line 160.
(pdftex.def)             Requested size: 213.39568pt x 160.03659pt.
[32] [33 <./src/pictures/MobileWebsiteVersion.drawio.pdf> <./src/pictures/testingSite.png>] [34]

pdfTeX warning: pdflatex (file ./src/pictures/audio_vibration_diagram.drawio.pdf): PDF inclusion: found PDF version <1.7>, but at most version <1.5> allowed
<src/pictures/audio_vibration_diagram.drawio.pdf, id=1537, 518.89856pt x 154.6578pt>
File: src/pictures/audio_vibration_diagram.drawio.pdf Graphic file (type pdf)
<use src/pictures/audio_vibration_diagram.drawio.pdf>
Package pdftex.def Info: src/pictures/audio_vibration_diagram.drawio.pdf  used on input line 201.
(pdftex.def)             Requested size: 426.79135pt x 127.20958pt.

Underfull \vbox (badness 1466) has occurred while \output is active []

 [35 <./src/pictures/audio_vibration_diagram.drawio.pdf>]
<src/pictures/handBrailleEncoding.drawio.png, id=1590, 434.62375pt x 349.305pt>
File: src/pictures/handBrailleEncoding.drawio.png Graphic file (type png)
<use src/pictures/handBrailleEncoding.drawio.png>
Package pdftex.def Info: src/pictures/handBrailleEncoding.drawio.png  used on input line 214.
(pdftex.def)             Requested size: 213.39568pt x 171.50739pt.
 [36 <./src/pictures/handBrailleEncoding.drawio.png>]
LaTeX Font Info:    Trying to load font information for OMS+aer on input line 242.
 (/usr/local/texlive/2024/texmf-dist/tex/latex/ae/omsaer.fd
File: omsaer.fd 1999/12/27
)
LaTeX Font Info:    Font shape `OMS/aer/m/n' in size <12> not available
(Font)              Font shape `OMS/cmsy/m/n' tried instead on input line 242.


pdfTeX warning: pdflatex (file ./src/pictures/braille_prestudy_characters.drawio.pdf): PDF inclusion: found PDF version <1.7>, but at most version <1.5> allowed
<src/pictures/braille_prestudy_characters.drawio.pdf, id=1622, 231.74579pt x 62.15219pt>
File: src/pictures/braille_prestudy_characters.drawio.pdf Graphic file (type pdf)
<use src/pictures/braille_prestudy_characters.drawio.pdf>
Package pdftex.def Info: src/pictures/braille_prestudy_characters.drawio.pdf  used on input line 277.
(pdftex.def)             Requested size: 320.0935pt x 85.85544pt.
<src/pictures/StudyData/Study_design.drawio.png, id=1623, 1266.7325pt x 503.8825pt>
File: src/pictures/StudyData/Study_design.drawio.png Graphic file (type png)
<use src/pictures/StudyData/Study_design.drawio.png>
Package pdftex.def Info: src/pictures/StudyData/Study_design.drawio.png  used on input line 297.
(pdftex.def)             Requested size: 320.0935pt x 127.3235pt.
[37] [38 <./src/pictures/braille_prestudy_characters.drawio.pdf> <./src/pictures/StudyData/Study_design.drawio.png>]) [39]
\openout2 = `tex/chapter/implementation.aux'.

 (./tex/chapter/implementation.tex)
\openout2 = `tex/chapter/analysis.aux'.

 (./tex/chapter/analysis.tex [40







]
Chapter 4.

Package hyperref Warning: Difference (2) between bookmark levels is greater 
(hyperref)                than one, level fixed on input line 10.

<src/pictures/Study1Data_questionnaire/participantPlots_study1.pdf, id=1700, 867.24pt x 2601.72pt>
File: src/pictures/Study1Data_questionnaire/participantPlots_study1.pdf Graphic file (type pdf)
<use src/pictures/Study1Data_questionnaire/participantPlots_study1.pdf>
Package pdftex.def Info: src/pictures/Study1Data_questionnaire/participantPlots_study1.pdf  used on input line 35.
(pdftex.def)             Requested size: 213.39568pt x 640.18607pt.
<src/pictures/Study1Data_questionnaire/NasaTLX_study1.pdf, id=1703, 1084.05pt x 433.62pt>
File: src/pictures/Study1Data_questionnaire/NasaTLX_study1.pdf Graphic file (type pdf)
<use src/pictures/Study1Data_questionnaire/NasaTLX_study1.pdf>
Package pdftex.def Info: src/pictures/Study1Data_questionnaire/NasaTLX_study1.pdf  used on input line 47.
(pdftex.def)             Requested size: 426.79135pt x 170.71892pt.
[41] [42 <./src/pictures/Study1Data_questionnaire/participantPlots_study1.pdf>] [43 <./src/pictures/Study1Data_questionnaire/NasaTLX_study1.pdf>]
<src/pictures/Study1Data_questionnaire/questions_special_study1.pdf, id=1865, 1084.05pt x 433.62pt>
File: src/pictures/Study1Data_questionnaire/questions_special_study1.pdf Graphic file (type pdf)
<use src/pictures/Study1Data_questionnaire/questions_special_study1.pdf>
Package pdftex.def Info: src/pictures/Study1Data_questionnaire/questions_special_study1.pdf  used on input line 94.
(pdftex.def)             Requested size: 426.79135pt x 170.71892pt.

Underfull \vbox (badness 1210) has occurred while \output is active []

 [44 <./src/pictures/Study1Data_questionnaire/questions_special_study1.pdf>]
<src/pictures/Study1Data_questionnaire/questions_compare_study1.pdf, id=1939, 1084.05pt x 433.62pt>
File: src/pictures/Study1Data_questionnaire/questions_compare_study1.pdf Graphic file (type pdf)
<use src/pictures/Study1Data_questionnaire/questions_compare_study1.pdf>
Package pdftex.def Info: src/pictures/Study1Data_questionnaire/questions_compare_study1.pdf  used on input line 145.
(pdftex.def)             Requested size: 426.79135pt x 170.71892pt.
 [45]
<src/pictures/Study1Data_Experiment/study1_learning_results.pdf, id=1957, 1084.05pt x 722.7pt>
File: src/pictures/Study1Data_Experiment/study1_learning_results.pdf Graphic file (type pdf)
<use src/pictures/Study1Data_Experiment/study1_learning_results.pdf>
Package pdftex.def Info: src/pictures/Study1Data_Experiment/study1_learning_results.pdf  used on input line 178.
(pdftex.def)             Requested size: 426.79135pt x 284.53154pt.
 [46 <./src/pictures/Study1Data_questionnaire/questions_compare_study1.pdf>] [47 <./src/pictures/Study1Data_Experiment/study1_learning_results.pdf>]
<src/pictures/Study1Data_Experiment/study1_test_results.pdf, id=2091, 1084.05pt x 722.7pt>
File: src/pictures/Study1Data_Experiment/study1_test_results.pdf Graphic file (type pdf)
<use src/pictures/Study1Data_Experiment/study1_test_results.pdf>
Package pdftex.def Info: src/pictures/Study1Data_Experiment/study1_test_results.pdf  used on input line 224.
(pdftex.def)             Requested size: 426.79135pt x 284.53154pt.
 [48]
<src/pictures/Study1Data_Experiment/character_jaccard_test_study1.pdf, id=2098, 1084.05pt x 722.7pt>
File: src/pictures/Study1Data_Experiment/character_jaccard_test_study1.pdf Graphic file (type pdf)
<use src/pictures/Study1Data_Experiment/character_jaccard_test_study1.pdf>
Package pdftex.def Info: src/pictures/Study1Data_Experiment/character_jaccard_test_study1.pdf  used on input line 266.
(pdftex.def)             Requested size: 426.79135pt x 284.53154pt.
 [49 <./src/pictures/Study1Data_Experiment/study1_test_results.pdf>]
<src/pictures/Study1Data_Experiment/missed_surplus_test_study1.pdf, id=2169, 1084.05pt x 722.7pt>
File: src/pictures/Study1Data_Experiment/missed_surplus_test_study1.pdf Graphic file (type pdf)
<use src/pictures/Study1Data_Experiment/missed_surplus_test_study1.pdf>
Package pdftex.def Info: src/pictures/Study1Data_Experiment/missed_surplus_test_study1.pdf  used on input line 320.
(pdftex.def)             Requested size: 426.79135pt x 284.53154pt.
 [50 <./src/pictures/Study1Data_Experiment/character_jaccard_test_study1.pdf>]
<src/pictures/Study1Data_Experiment/missed_surplus_test_percentages_study1_T.pdf, id=2251, 1084.05pt x 433.62pt>
File: src/pictures/Study1Data_Experiment/missed_surplus_test_percentages_study1_T.pdf Graphic file (type pdf)
<use src/pictures/Study1Data_Experiment/missed_surplus_test_percentages_study1_T.pdf>
Package pdftex.def Info: src/pictures/Study1Data_Experiment/missed_surplus_test_percentages_study1_T.pdf  used on input line 343.
(pdftex.def)             Requested size: 192.0548pt x 76.81755pt.
<src/pictures/Study1Data_Experiment/missed_surplus_test_percentages_study1_S.pdf, id=2252, 1084.05pt x 433.62pt>
File: src/pictures/Study1Data_Experiment/missed_surplus_test_percentages_study1_S.pdf Graphic file (type pdf)
<use src/pictures/Study1Data_Experiment/missed_surplus_test_percentages_study1_S.pdf>
Package pdftex.def Info: src/pictures/Study1Data_Experiment/missed_surplus_test_percentages_study1_S.pdf  used on input line 348.
(pdftex.def)             Requested size: 192.0548pt x 76.81755pt.
<src/pictures/Study1Data_Experiment/missed_surplus_test_percentages_study1_V.pdf, id=2253, 1084.05pt x 433.62pt>
File: src/pictures/Study1Data_Experiment/missed_surplus_test_percentages_study1_V.pdf Graphic file (type pdf)
<use src/pictures/Study1Data_Experiment/missed_surplus_test_percentages_study1_V.pdf>
Package pdftex.def Info: src/pictures/Study1Data_Experiment/missed_surplus_test_percentages_study1_V.pdf  used on input line 353.
(pdftex.def)             Requested size: 192.0548pt x 76.81755pt.


LaTeX Warning: `!h' float specifier changed to `!ht'.

[51] [52 <./src/pictures/Study1Data_Experiment/missed_surplus_test_study1.pdf> <./src/pictures/Study1Data_Experiment/missed_surplus_test_percentages_study1_T.pdf> <./src/pictures/Study1Data_Experiment/missed_surplus_test_percentages_study1_S.pdf> <./src/pictures/Study1Data_Experiment/missed_surplus_test_percentages_study1_V.pdf>]
<src/pictures/Study1Data_Experiment/Vectors_study1.pdf, id=2497, 1084.05pt x 1084.05pt>
File: src/pictures/Study1Data_Experiment/Vectors_study1.pdf Graphic file (type pdf)
<use src/pictures/Study1Data_Experiment/Vectors_study1.pdf>
Package pdftex.def Info: src/pictures/Study1Data_Experiment/Vectors_study1.pdf  used on input line 378.
(pdftex.def)             Requested size: 426.79135pt x 426.79733pt.
<src/pictures/Study2Data_questionnaire/participantPlots_study2.pdf, id=2505, 867.24pt x 1734.48pt>
File: src/pictures/Study2Data_questionnaire/participantPlots_study2.pdf Graphic file (type pdf)
<use src/pictures/Study2Data_questionnaire/participantPlots_study2.pdf>
Package pdftex.def Info: src/pictures/Study2Data_questionnaire/participantPlots_study2.pdf  used on input line 415.
(pdftex.def)             Requested size: 213.39568pt x 426.79071pt.
<src/pictures/Study2Data_questionnaire/nasaTLX_study2.pdf, id=2507, 1084.05pt x 578.16pt>
File: src/pictures/Study2Data_questionnaire/nasaTLX_study2.pdf Graphic file (type pdf)
<use src/pictures/Study2Data_questionnaire/nasaTLX_study2.pdf>
Package pdftex.def Info: src/pictures/Study2Data_questionnaire/nasaTLX_study2.pdf  used on input line 425.
(pdftex.def)             Requested size: 426.79135pt x 227.62523pt.
 [53] [54 <./src/pictures/Study1Data_Experiment/Vectors_study1.pdf>] [55 <./src/pictures/Study2Data_questionnaire/participantPlots_study2.pdf>]
<src/pictures/Study2Data_questionnaire/questions_special_study2.pdf, id=2659, 1084.05pt x 578.16pt>
File: src/pictures/Study2Data_questionnaire/questions_special_study2.pdf Graphic file (type pdf)
<use src/pictures/Study2Data_questionnaire/questions_special_study2.pdf>
Package pdftex.def Info: src/pictures/Study2Data_questionnaire/questions_special_study2.pdf  used on input line 463.
(pdftex.def)             Requested size: 426.79135pt x 227.62523pt.
 [56 <./src/pictures/Study2Data_questionnaire/nasaTLX_study2.pdf>]
<src/pictures/Study2Data_questionnaire/questions_compare_study2.pdf, id=2744, 1084.05pt x 433.62pt>
File: src/pictures/Study2Data_questionnaire/questions_compare_study2.pdf Graphic file (type pdf)
<use src/pictures/Study2Data_questionnaire/questions_compare_study2.pdf>
Package pdftex.def Info: src/pictures/Study2Data_questionnaire/questions_compare_study2.pdf  used on input line 503.
(pdftex.def)             Requested size: 426.79135pt x 170.71892pt.
 [57 <./src/pictures/Study2Data_questionnaire/questions_special_study2.pdf>]
<src/pictures/Study2Data_Experiment/study2_learning_results.pdf, id=2817, 1084.05pt x 578.16pt>
File: src/pictures/Study2Data_Experiment/study2_learning_results.pdf Graphic file (type pdf)
<use src/pictures/Study2Data_Experiment/study2_learning_results.pdf>
Package pdftex.def Info: src/pictures/Study2Data_Experiment/study2_learning_results.pdf  used on input line 533.
(pdftex.def)             Requested size: 426.79135pt x 227.62523pt.
 [58 <./src/pictures/Study2Data_questionnaire/questions_compare_study2.pdf>]

LaTeX Warning: Reference `table:learning_significance_results_secondStudy' on page 59 undefined on input line 546.

<src/pictures/Study2Data_Experiment/study2_test_results.pdf, id=2876, 1084.05pt x 578.16pt>
File: src/pictures/Study2Data_Experiment/study2_test_results.pdf Graphic file (type pdf)
<use src/pictures/Study2Data_Experiment/study2_test_results.pdf>
Package pdftex.def Info: src/pictures/Study2Data_Experiment/study2_test_results.pdf  used on input line 569.
(pdftex.def)             Requested size: 426.79135pt x 227.62523pt.
[59 <./src/pictures/Study2Data_Experiment/study2_learning_results.pdf>]
<src/pictures/Study2Data_Experiment/character_jaccard_test_study2.pdf, id=2944, 1084.05pt x 722.7pt>
File: src/pictures/Study2Data_Experiment/character_jaccard_test_study2.pdf Graphic file (type pdf)
<use src/pictures/Study2Data_Experiment/character_jaccard_test_study2.pdf>
Package pdftex.def Info: src/pictures/Study2Data_Experiment/character_jaccard_test_study2.pdf  used on input line 596.
(pdftex.def)             Requested size: 426.79135pt x 284.53154pt.
 [60 <./src/pictures/Study2Data_Experiment/study2_test_results.pdf>]
<src/pictures/Study2Data_Experiment/missed_surplus_test_study2.pdf, id=3008, 1084.05pt x 722.7pt>
File: src/pictures/Study2Data_Experiment/missed_surplus_test_study2.pdf Graphic file (type pdf)
<use src/pictures/Study2Data_Experiment/missed_surplus_test_study2.pdf>
Package pdftex.def Info: src/pictures/Study2Data_Experiment/missed_surplus_test_study2.pdf  used on input line 633.
(pdftex.def)             Requested size: 426.79135pt x 284.53154pt.
<src/pictures/Study2Data_Experiment/missed_surplus_test_percentages_study2_ost.pdf, id=3010, 1084.05pt x 433.62pt>
File: src/pictures/Study2Data_Experiment/missed_surplus_test_percentages_study2_ost.pdf Graphic file (type pdf)
<use src/pictures/Study2Data_Experiment/missed_surplus_test_percentages_study2_ost.pdf>
Package pdftex.def Info: src/pictures/Study2Data_Experiment/missed_surplus_test_percentages_study2_ost.pdf  used on input line 644.
(pdftex.def)             Requested size: 192.0548pt x 76.81755pt.
<src/pictures/Study2Data_Experiment/missed_surplus_test_percentages_study2_seq.pdf, id=3013, 1084.05pt x 433.62pt>
File: src/pictures/Study2Data_Experiment/missed_surplus_test_percentages_study2_seq.pdf Graphic file (type pdf)
<use src/pictures/Study2Data_Experiment/missed_surplus_test_percentages_study2_seq.pdf>
Package pdftex.def Info: src/pictures/Study2Data_Experiment/missed_surplus_test_percentages_study2_seq.pdf  used on input line 649.
(pdftex.def)             Requested size: 192.0548pt x 76.81755pt.


LaTeX Warning: `!h' float specifier changed to `!ht'.

[61 <./src/pictures/Study2Data_Experiment/character_jaccard_test_study2.pdf>]
<src/pictures/Study2Data_Experiment/Vectors_study2.pdf, id=3095, 1084.05pt x 722.7pt>
File: src/pictures/Study2Data_Experiment/Vectors_study2.pdf Graphic file (type pdf)
<use src/pictures/Study2Data_Experiment/Vectors_study2.pdf>
Package pdftex.def Info: src/pictures/Study2Data_Experiment/Vectors_study2.pdf  used on input line 684.
(pdftex.def)             Requested size: 426.79135pt x 284.53154pt.
 [62]) [63 <./src/pictures/Study2Data_Experiment/missed_surplus_test_study2.pdf> <./src/pictures/Study2Data_Experiment/missed_surplus_test_percentages_study2_ost.pdf> <./src/pictures/Study2Data_Experiment/missed_surplus_test_percentages_study2_seq.pdf>] [64 <./src/pictures/Study2Data_Experiment/Vectors_study2.pdf>]
\openout2 = `tex/chapter/evaluation.aux'.

 (./tex/chapter/evaluation.tex
Chapter 5.

Package hyperref Warning: Difference (2) between bookmark levels is greater 
(hyperref)                than one, level fixed on input line 10.


LaTeX Warning: Reference `table:nasaTLX_significance_firstStudy' on page 65 undefined on input line 14.

[65




] [66]

LaTeX Warning: Reference `table:learning_significance_results_firstStudy' on page 67 undefined on input line 74.

[67]

LaTeX Warning: Reference `table:nasaTLX_significance_secondStudy' on page 68 undefined on input line 125.


LaTeX Warning: Reference `table:individualQuestions_significance_secondStudy' on page 68 undefined on input line 133.

[68] [69] [70]

pdfTeX warning: pdflatex (file ./src/pictures/StudyData/Threats_to_validity.drawio.pdf): PDF inclusion: found PDF version <1.7>, but at most version <1.5> allowed
<src/pictures/StudyData/Threats_to_validity.drawio.pdf, id=3403, 319.1925pt x 217.77359pt>
File: src/pictures/StudyData/Threats_to_validity.drawio.pdf Graphic file (type pdf)
<use src/pictures/StudyData/Threats_to_validity.drawio.pdf>
Package pdftex.def Info: src/pictures/StudyData/Threats_to_validity.drawio.pdf  used on input line 217.
(pdftex.def)             Requested size: 213.39568pt x 145.59186pt.
) [71 <./src/pictures/StudyData/Threats_to_validity.drawio.pdf>]
\openout2 = `tex/chapter/futurework.aux'.

 (./tex/chapter/futurework.tex [72




]
Chapter 6.
) [73]
\openout2 = `tex/summary.aux'.

 (./tex/summary.tex [74




]
Chapter 7.
) [75] [76



]
Overfull \hbox (0.81967pt too wide) in paragraph at lines 115--115
[]\T1/aer/m/n/12 Rochelle Ack-er-ley, He-lena Back-lund Wasling, and Fran-cis Mc-Glone. ^^P  The touch
 []


Overfull \hbox (5.06505pt too wide) in paragraph at lines 115--115
\T1/aer/m/n/12 land-scape^^Q. In: \T1/aer/m/it/12 Af-fec-tive Touch and the Neu-ro-phys-i-ol-ogy of CT Af-fer-ents \T1/aer/m/n/12 (2016),
 []

[77

] [78] [79] [80] [81] [82] [83] (./main.aux (./tex/chapter/introduction.aux) (./tex/chapter/background.aux) (./tex/chapter/relatedWorks.aux) (./tex/chapter/design.aux) (./tex/chapter/implementation.aux) (./tex/chapter/analysis.aux) (./tex/chapter/evaluation.aux) (./tex/chapter/futurework.aux) (./tex/summary.aux))
 ***********
LaTeX2e <2023-11-01> patch level 1
L3 programming layer <2024-02-20>
 ***********


LaTeX Font Warning: Some font shapes were not available, defaults substituted.


LaTeX Warning: There were undefined references.


LaTeX Warning: There were multiply-defined labels.

Package rerunfilecheck Info: File `main.out' has not changed.
(rerunfilecheck)             Checksum: 057203303E266B6BE89A9B1CCE442FC6;7394.
Package logreq Info: Writing requests to 'main.run.xml'.
\openout1 = `main.run.xml'.

 ) 
Here is how much of TeX's memory you used:
 57888 strings out of 474116
 1314094 string characters out of 5743682
 2174324 words of memory out of 5000000
 78971 multiletter control sequences out of 15000+600000
 605113 words of font info for 122 fonts, out of 8000000 for 9000
 1141 hyphenation exceptions out of 8191
 104i,18n,104p,2416b,3089s stack positions out of 10000i,1000n,20000p,200000b,200000s

pdfTeX warning (dest): name{glo:emgf} has been referenced but does not exist, replaced by a fixed one


pdfTeX warning (dest): name{glo:mvp} has been referenced but does not exist, replaced by a fixed one


pdfTeX warning (dest): name{glo:pdm} has been referenced but does not exist, replaced by a fixed one


pdfTeX warning (dest): name{glo:sci} has been referenced but does not exist, replaced by a fixed one


pdfTeX warning (dest): name{glo:vsr} has been referenced but does not exist, replaced by a fixed one


pdfTeX warning (dest): name{glo:tvi} has been referenced but does not exist, replaced by a fixed one


pdfTeX warning (dest): name{glo:bct} has been referenced but does not exist, replaced by a fixed one


pdfTeX warning (dest): name{glo:mmt} has been referenced but does not exist, replaced by a fixed one


pdfTeX warning (dest): name{glo:seq} has been referenced but does not exist, replaced by a fixed one


pdfTeX warning (dest): name{glo:ost} has been referenced but does not exist, replaced by a fixed one


pdfTeX warning (dest): name{glo:phl} has been referenced but does not exist, replaced by a fixed one


pdfTeX warning (dest): name{glo:csgf} has been referenced but does not exist, replaced by a fixed one


pdfTeX warning (dest): name{glo:mwu} has been referenced but does not exist, replaced by a fixed one


pdfTeX warning (dest): name{glo:pca} has been referenced but does not exist, replaced by a fixed one

</usr/local/texlive/2024/texmf-dist/fonts/type1/public/amsfonts/cm/cmb10.pfb></usr/local/texlive/2024/texmf-dist/fonts/type1/public/amsfonts/cm/cmbxti10.pfb></usr/local/texlive/2024/texmf-dist/fonts/type1/public/amsfonts/cm/cmcsc10.pfb></usr/local/texlive/2024/texmf-dist/fonts/type1/public/amsfonts/cm/cmex10.pfb></usr/local/texlive/2024/texmf-dist/fonts/type1/public/amsfonts/cm/cmmi12.pfb></usr/local/texlive/2024/texmf-dist/fonts/type1/public/amsfonts/cm/cmmi8.pfb></usr/local/texlive/2024/texmf-dist/fonts/type1/public/amsfonts/cm/cmr10.pfb></usr/local/texlive/2024/texmf-dist/fonts/type1/public/amsfonts/cm/cmr12.pfb></usr/local/texlive/2024/texmf-dist/fonts/type1/public/amsfonts/cm/cmr7.pfb></usr/local/texlive/2024/texmf-dist/fonts/type1/public/amsfonts/cm/cmr8.pfb></usr/local/texlive/2024/texmf-dist/fonts/type1/public/amsfonts/cm/cmsl12.pfb></usr/local/texlive/2024/texmf-dist/fonts/type1/public/amsfonts/cm/cmsy10.pfb></usr/local/texlive/2024/texmf-dist/fonts/type1/public/amsfonts/cm/cmsy8.pfb></usr/local/texlive/2024/texmf-dist/fonts/type1/public/amsfonts/cm/cmti12.pfb></usr/local/texlive/2024/texmf-dist/fonts/type1/public/amsfonts/latxfont/lcircle1.pfb></usr/local/texlive/2024/texmf-dist/fonts/type1/public/cm-super/sfrm1200.pfb>
Output written on main.pdf (95 pages, 7283949 bytes).
PDF statistics:
 3623 PDF objects out of 4296 (max. 8388607)
 2114 compressed objects within 22 object streams
 328 named destinations out of 1000 (max. 500000)
 596 words of extra memory for PDF output out of 10000 (max. 10000000)

